# JRE version: OpenJDK Runtime Environment (8.0_212-b04) (build 1.8.0_212-release-1586-b04)
# Java VM: OpenJDK 64-Bit Server VM (25.212-b04 mixed mode windows-amd64 compressed oops)
Heap:
 PSYoungGen      total 76288K, used 14818K [0x00000000d6580000, 0x00000000dba80000, 0x0000000100000000)
  eden space 65536K, 8% used [0x00000000d6580000,0x00000000d6b14d20,0x00000000da580000)
  from space 10752K, 84% used [0x00000000db000000,0x00000000db8e3c78,0x00000000dba80000)
  to   space 10752K, 0% used [0x00000000da580000,0x00000000da580000,0x00000000db000000)
 ParOldGen       total 175104K, used 24K [0x0000000083000000, 0x000000008db00000, 0x00000000d6580000)
  object space 175104K, 0% used [0x0000000083000000,0x0000000083006000,0x000000008db00000)
 Metaspace       used 15340K, capacity 15820K, committed 16128K, reserved 1062912K
  class space    used 2025K, capacity 2194K, committed 2304K, reserved 1048576K
GC Heap History (4 events):
Event: 1.476 GC heap before
{Heap before GC invocations=1 (full 0):
 PSYoungGen      total 76288K, used 65536K [0x00000000d6580000, 0x00000000dba80000, 0x0000000100000000)
  eden space 65536K, 100% used [0x00000000d6580000,0x00000000da580000,0x00000000da580000)
  from space 10752K, 0% used [0x00000000db000000,0x00000000db000000,0x00000000dba80000)
  to   space 10752K, 0% used [0x00000000da580000,0x00000000da580000,0x00000000db000000)
 ParOldGen       total 175104K, used 0K [0x0000000083000000, 0x000000008db00000, 0x00000000d6580000)
  object space 175104K, 0% used [0x0000000083000000,0x0000000083000000,0x000000008db00000)
 Metaspace       used 7347K, capacity 7634K, committed 7680K, reserved 1056768K
  class space    used 910K, capacity 1013K, committed 1024K, reserved 1048576K
Event: 1.485 GC heap after
Heap after GC invocations=1 (full 0):
 PSYoungGen      total 76288K, used 5772K [0x00000000d6580000, 0x00000000dba80000, 0x0000000100000000)
  eden space 65536K, 0% used [0x00000000d6580000,0x00000000d6580000,0x00000000da580000)
  from space 10752K, 53% used [0x00000000da580000,0x00000000dab23258,0x00000000db000000)
  to   space 10752K, 0% used [0x00000000db000000,0x00000000db000000,0x00000000dba80000)
 ParOldGen       total 175104K, used 16K [0x0000000083000000, 0x000000008db00000, 0x00000000d6580000)
  object space 175104K, 0% used [0x0000000083000000,0x0000000083004000,0x000000008db00000)
 Metaspace       used 7347K, capacity 7634K, committed 7680K, reserved 1056768K
  class space    used 910K, capacity 1013K, committed 1024K, reserved 1048576K
}
Event: 3.033 GC heap before
{Heap before GC invocations=2 (full 0):
 PSYoungGen      total 76288K, used 71308K [0x00000000d6580000, 0x00000000dba80000, 0x0000000100000000)
  eden space 65536K, 100% used [0x00000000d6580000,0x00000000da580000,0x00000000da580000)
  from space 10752K, 53% used [0x00000000da580000,0x00000000dab23258,0x00000000db000000)
  to   space 10752K, 0% used [0x00000000db000000,0x00000000db000000,0x00000000dba80000)
 ParOldGen       total 175104K, used 16K [0x0000000083000000, 0x000000008db00000, 0x00000000d6580000)
  object space 175104K, 0% used [0x0000000083000000,0x0000000083004000,0x000000008db00000)
 Metaspace       used 14379K, capacity 14918K, committed 15232K, reserved 1062912K
  class space    used 1973K, capacity 2129K, committed 2176K, reserved 1048576K
Event: 3.043 GC heap after
Heap after GC invocations=2 (full 0):
 PSYoungGen      total 76288K, used 9103K [0x00000000d6580000, 0x00000000dba80000, 0x0000000100000000)
  eden space 65536K, 0% used [0x00000000d6580000,0x00000000d6580000,0x00000000da580000)
  from space 10752K, 84% used [0x00000000db000000,0x00000000db8e3c78,0x00000000dba80000)
  to   space 10752K, 0% used [0x00000000da580000,0x00000000da580000,0x00000000db000000)
 ParOldGen       total 175104K, used 24K [0x0000000083000000, 0x000000008db00000, 0x00000000d6580000)
  object space 175104K, 0% used [0x0000000083000000,0x0000000083006000,0x000000008db00000)
 Metaspace       used 14379K, capacity 14918K, committed 15232K, reserved 1062912K
  class space    used 1973K, capacity 2129K, committed 2176K, reserved 1048576K
}

