# JRE version: OpenJDK Runtime Environment (8.0_212-b04) (build 1.8.0_212-release-1586-b04)
# Java VM: OpenJDK 64-Bit Server VM (25.212-b04 mixed mode windows-amd64 compressed oops)
Heap:
 PSYoungGen      total 76288K, used 4009K [0x00000000d6580000, 0x00000000dba80000, 0x0000000100000000)
  eden space 65536K, 6% used [0x00000000d6580000,0x00000000d696a638,0x00000000da580000)
  from space 10752K, 0% used [0x00000000da580000,0x00000000da580000,0x00000000db000000)
  to   space 10752K, 0% used [0x00000000db000000,0x00000000db000000,0x00000000dba80000)
 ParOldGen       total 82432K, used 5074K [0x0000000083000000, 0x0000000088080000, 0x00000000d6580000)
  object space 82432K, 6% used [0x0000000083000000,0x00000000834f4870,0x0000000088080000)
 Metaspace       used 15425K, capacity 15944K, committed 16128K, reserved 1064960K
  class space    used 2041K, capacity 2196K, committed 2304K, reserved 1048576K
GC Heap History (4 events):
Event: 1.492 GC heap before
{Heap before GC invocations=1 (full 0):
 PSYoungGen      total 76288K, used 65536K [0x00000000d6580000, 0x00000000dba80000, 0x0000000100000000)
  eden space 65536K, 100% used [0x00000000d6580000,0x00000000da580000,0x00000000da580000)
  from space 10752K, 0% used [0x00000000db000000,0x00000000db000000,0x00000000dba80000)
  to   space 10752K, 0% used [0x00000000da580000,0x00000000da580000,0x00000000db000000)
 ParOldGen       total 175104K, used 0K [0x0000000083000000, 0x000000008db00000, 0x00000000d6580000)
  object space 175104K, 0% used [0x0000000083000000,0x0000000083000000,0x000000008db00000)
 Metaspace       used 7357K, capacity 7686K, committed 7936K, reserved 1056768K
  class space    used 910K, capacity 1013K, committed 1024K, reserved 1048576K
Event: 1.498 GC heap after
Heap after GC invocations=1 (full 0):
 PSYoungGen      total 76288K, used 5757K [0x00000000d6580000, 0x00000000dba80000, 0x0000000100000000)
  eden space 65536K, 0% used [0x00000000d6580000,0x00000000d6580000,0x00000000da580000)
  from space 10752K, 53% used [0x00000000da580000,0x00000000dab1f740,0x00000000db000000)
  to   space 10752K, 0% used [0x00000000db000000,0x00000000db000000,0x00000000dba80000)
 ParOldGen       total 175104K, used 16K [0x0000000083000000, 0x000000008db00000, 0x00000000d6580000)
  object space 175104K, 0% used [0x0000000083000000,0x0000000083004000,0x000000008db00000)
 Metaspace       used 7357K, capacity 7686K, committed 7936K, reserved 1056768K
  class space    used 910K, capacity 1013K, committed 1024K, reserved 1048576K
}
Event: 2.628 GC heap before
{Heap before GC invocations=2 (full 0):
 PSYoungGen      total 76288K, used 71293K [0x00000000d6580000, 0x00000000dba80000, 0x0000000100000000)
  eden space 65536K, 100% used [0x00000000d6580000,0x00000000da580000,0x00000000da580000)
  from space 10752K, 53% used [0x00000000da580000,0x00000000dab1f740,0x00000000db000000)
  to   space 10752K, 0% used [0x00000000db000000,0x00000000db000000,0x00000000dba80000)
 ParOldGen       total 175104K, used 16K [0x0000000083000000, 0x000000008db00000, 0x00000000d6580000)
  object space 175104K, 0% used [0x0000000083000000,0x0000000083004000,0x000000008db00000)
 Metaspace       used 14372K, capacity 14906K, committed 15232K, reserved 1062912K
  class space    used 1971K, capacity 2129K, committed 2176K, reserved 1048576K
Event: 2.636 GC heap after
Heap after GC invocations=2 (full 0):
 PSYoungGen      total 76288K, used 8988K [0x00000000d6580000, 0x00000000dba80000, 0x0000000100000000)
  eden space 65536K, 0% used [0x00000000d6580000,0x00000000d6580000,0x00000000da580000)
  from space 10752K, 83% used [0x00000000db000000,0x00000000db8c70b8,0x00000000dba80000)
  to   space 10752K, 0% used [0x00000000da580000,0x00000000da580000,0x00000000db000000)
 ParOldGen       total 175104K, used 24K [0x0000000083000000, 0x000000008db00000, 0x00000000d6580000)
  object space 175104K, 0% used [0x0000000083000000,0x0000000083006000,0x000000008db00000)
 Metaspace       used 14372K, capacity 14906K, committed 15232K, reserved 1062912K
  class space    used 1971K, capacity 2129K, committed 2176K, reserved 1048576K
}

