# JRE version: OpenJDK Runtime Environment (8.0_242-b01) (build 1.8.0_242-release-1644-b01)
# Java VM: OpenJDK 64-Bit Server VM (25.242-b01 mixed mode windows-amd64 compressed oops)
Heap:
 PSYoungGen      total 153600K, used 11268K [0x00000000e0000000, 0x00000000ead00000, 0x0000000100000000)
  eden space 141312K, 7% used [0x00000000e0000000,0x00000000e0b011c0,0x00000000e8a00000)
  from space 12288K, 0% used [0x00000000ea100000,0x00000000ea100000,0x00000000ead00000)
  to   space 13824K, 0% used [0x00000000e9200000,0x00000000e9200000,0x00000000e9f80000)
 ParOldGen       total 102912K, used 38286K [0x00000000a0000000, 0x00000000a6480000, 0x00000000e0000000)
  object space 102912K, 37% used [0x00000000a0000000,0x00000000a2563b90,0x00000000a6480000)
 Metaspace       used 57490K, capacity 59632K, committed 59928K, reserved 1101824K
  class space    used 7852K, capacity 8379K, committed 8496K, reserved 1048576K
GC Heap History (10 events):
Event: 14.277 GC heap before
{Heap before GC invocations=9 (full 2):
 PSYoungGen      total 110592K, used 9314K [0x00000000e0000000, 0x00000000ead00000, 0x0000000100000000)
  eden space 98304K, 0% used [0x00000000e0000000,0x00000000e0000000,0x00000000e6000000)
  from space 12288K, 75% used [0x00000000e6000000,0x00000000e6918bd0,0x00000000e6c00000)
  to   space 12288K, 0% used [0x00000000ea100000,0x00000000ea100000,0x00000000ead00000)
 ParOldGen       total 102912K, used 7471K [0x00000000a0000000, 0x00000000a6480000, 0x00000000e0000000)
  object space 102912K, 7% used [0x00000000a0000000,0x00000000a074bfa8,0x00000000a6480000)
 Metaspace       used 34510K, capacity 35374K, committed 35496K, reserved 1079296K
  class space    used 4729K, capacity 4966K, committed 5040K, reserved 1048576K
Event: 14.369 GC heap after
Heap after GC invocations=9 (full 2):
 PSYoungGen      total 110592K, used 0K [0x00000000e0000000, 0x00000000ead00000, 0x0000000100000000)
  eden space 98304K, 0% used [0x00000000e0000000,0x00000000e0000000,0x00000000e6000000)
  from space 12288K, 0% used [0x00000000e6000000,0x00000000e6000000,0x00000000e6c00000)
  to   space 12288K, 0% used [0x00000000ea100000,0x00000000ea100000,0x00000000ead00000)
 ParOldGen       total 102912K, used 16066K [0x00000000a0000000, 0x00000000a6480000, 0x00000000e0000000)
  object space 102912K, 15% used [0x00000000a0000000,0x00000000a0fb0940,0x00000000a6480000)
 Metaspace       used 34510K, capacity 35374K, committed 35496K, reserved 1079296K
  class space    used 4729K, capacity 4966K, committed 5040K, reserved 1048576K
}
Event: 19.745 GC heap before
{Heap before GC invocations=10 (full 2):
 PSYoungGen      total 110592K, used 98304K [0x00000000e0000000, 0x00000000ead00000, 0x0000000100000000)
  eden space 98304K, 100% used [0x00000000e0000000,0x00000000e6000000,0x00000000e6000000)
  from space 12288K, 0% used [0x00000000e6000000,0x00000000e6000000,0x00000000e6c00000)
  to   space 12288K, 0% used [0x00000000ea100000,0x00000000ea100000,0x00000000ead00000)
 ParOldGen       total 102912K, used 16066K [0x00000000a0000000, 0x00000000a6480000, 0x00000000e0000000)
  object space 102912K, 15% used [0x00000000a0000000,0x00000000a0fb0940,0x00000000a6480000)
 Metaspace       used 42335K, capacity 43782K, committed 44072K, reserved 1087488K
  class space    used 5709K, capacity 6091K, committed 6192K, reserved 1048576K
Event: 19.768 GC heap after
Heap after GC invocations=10 (full 2):
 PSYoungGen      total 153600K, used 12269K [0x00000000e0000000, 0x00000000ead00000, 0x0000000100000000)
  eden space 141312K, 0% used [0x00000000e0000000,0x00000000e0000000,0x00000000e8a00000)
  from space 12288K, 99% used [0x00000000ea100000,0x00000000eacfb468,0x00000000ead00000)
  to   space 13824K, 0% used [0x00000000e9200000,0x00000000e9200000,0x00000000e9f80000)
 ParOldGen       total 102912K, used 17454K [0x00000000a0000000, 0x00000000a6480000, 0x00000000e0000000)
  object space 102912K, 16% used [0x00000000a0000000,0x00000000a110b960,0x00000000a6480000)
 Metaspace       used 42335K, capacity 43782K, committed 44072K, reserved 1087488K
  class space    used 5709K, capacity 6091K, committed 6192K, reserved 1048576K
}
Event: 23.929 GC heap before
{Heap before GC invocations=11 (full 2):
 PSYoungGen      total 153600K, used 153581K [0x00000000e0000000, 0x00000000ead00000, 0x0000000100000000)
  eden space 141312K, 100% used [0x00000000e0000000,0x00000000e8a00000,0x00000000e8a00000)
  from space 12288K, 99% used [0x00000000ea100000,0x00000000eacfb468,0x00000000ead00000)
  to   space 13824K, 0% used [0x00000000e9200000,0x00000000e9200000,0x00000000e9f80000)
 ParOldGen       total 102912K, used 17454K [0x00000000a0000000, 0x00000000a6480000, 0x00000000e0000000)
  object space 102912K, 16% used [0x00000000a0000000,0x00000000a110b960,0x00000000a6480000)
 Metaspace       used 52229K, capacity 54014K, committed 54056K, reserved 1095680K
  class space    used 6984K, capacity 7445K, committed 7472K, reserved 1048576K
Event: 24.013 GC heap after
Heap after GC invocations=11 (full 2):
 PSYoungGen      total 155136K, used 13820K [0x00000000e0000000, 0x00000000ead00000, 0x0000000100000000)
  eden space 141312K, 0% used [0x00000000e0000000,0x00000000e0000000,0x00000000e8a00000)
  from space 13824K, 99% used [0x00000000e9200000,0x00000000e9f7f300,0x00000000e9f80000)
  to   space 12288K, 0% used [0x00000000ea100000,0x00000000ea100000,0x00000000ead00000)
 ParOldGen       total 102912K, used 27614K [0x00000000a0000000, 0x00000000a6480000, 0x00000000e0000000)
  object space 102912K, 26% used [0x00000000a0000000,0x00000000a1af7bc0,0x00000000a6480000)
 Metaspace       used 52229K, capacity 54014K, committed 54056K, reserved 1095680K
  class space    used 6984K, capacity 7445K, committed 7472K, reserved 1048576K
}
Event: 26.394 GC heap before
{Heap before GC invocations=12 (full 2):
 PSYoungGen      total 155136K, used 92899K [0x00000000e0000000, 0x00000000ead00000, 0x0000000100000000)
  eden space 141312K, 55% used [0x00000000e0000000,0x00000000e4d39b10,0x00000000e8a00000)
  from space 13824K, 99% used [0x00000000e9200000,0x00000000e9f7f300,0x00000000e9f80000)
  to   space 12288K, 0% used [0x00000000ea100000,0x00000000ea100000,0x00000000ead00000)
 ParOldGen       total 102912K, used 27614K [0x00000000a0000000, 0x00000000a6480000, 0x00000000e0000000)
  object space 102912K, 26% used [0x00000000a0000000,0x00000000a1af7bc0,0x00000000a6480000)
 Metaspace       used 57003K, capacity 59136K, committed 59160K, reserved 1099776K
  class space    used 7751K, capacity 8227K, committed 8240K, reserved 1048576K
Event: 26.433 GC heap after
Heap after GC invocations=12 (full 2):
 PSYoungGen      total 153600K, used 12276K [0x00000000e0000000, 0x00000000ead00000, 0x0000000100000000)
  eden space 141312K, 0% used [0x00000000e0000000,0x00000000e0000000,0x00000000e8a00000)
  from space 12288K, 99% used [0x00000000ea100000,0x00000000eacfd300,0x00000000ead00000)
  to   space 13824K, 0% used [0x00000000e9200000,0x00000000e9200000,0x00000000e9f80000)
 ParOldGen       total 102912K, used 37428K [0x00000000a0000000, 0x00000000a6480000, 0x00000000e0000000)
  object space 102912K, 36% used [0x00000000a0000000,0x00000000a248d1e0,0x00000000a6480000)
 Metaspace       used 57003K, capacity 59136K, committed 59160K, reserved 1099776K
  class space    used 7751K, capacity 8227K, committed 8240K, reserved 1048576K
}
Event: 26.433 GC heap before
{Heap before GC invocations=13 (full 3):
 PSYoungGen      total 153600K, used 12276K [0x00000000e0000000, 0x00000000ead00000, 0x0000000100000000)
  eden space 141312K, 0% used [0x00000000e0000000,0x00000000e0000000,0x00000000e8a00000)
  from space 12288K, 99% used [0x00000000ea100000,0x00000000eacfd300,0x00000000ead00000)
  to   space 13824K, 0% used [0x00000000e9200000,0x00000000e9200000,0x00000000e9f80000)
 ParOldGen       total 102912K, used 37428K [0x00000000a0000000, 0x00000000a6480000, 0x00000000e0000000)
  object space 102912K, 36% used [0x00000000a0000000,0x00000000a248d1e0,0x00000000a6480000)
 Metaspace       used 57003K, capacity 59136K, committed 59160K, reserved 1099776K
  class space    used 7751K, capacity 8227K, committed 8240K, reserved 1048576K
Event: 26.768 GC heap after
Heap after GC invocations=13 (full 3):
 PSYoungGen      total 153600K, used 0K [0x00000000e0000000, 0x00000000ead00000, 0x0000000100000000)
  eden space 141312K, 0% used [0x00000000e0000000,0x00000000e0000000,0x00000000e8a00000)
  from space 12288K, 0% used [0x00000000ea100000,0x00000000ea100000,0x00000000ead00000)
  to   space 13824K, 0% used [0x00000000e9200000,0x00000000e9200000,0x00000000e9f80000)
 ParOldGen       total 102912K, used 38286K [0x00000000a0000000, 0x00000000a6480000, 0x00000000e0000000)
  object space 102912K, 37% used [0x00000000a0000000,0x00000000a2563b90,0x00000000a6480000)
 Metaspace       used 56989K, capacity 59088K, committed 59160K, reserved 1099776K
  class space    used 7747K, capacity 8219K, committed 8240K, reserved 1048576K
}

