# JRE version: OpenJDK Runtime Environment (8.0_242-b01) (build 1.8.0_242-release-1644-b01)
# Java VM: OpenJDK 64-Bit Server VM (25.242-b01 mixed mode windows-amd64 compressed oops)
Heap:
 PSYoungGen      total 126976K, used 44518K [0x00000000e0000000, 0x00000000ee100000, 0x0000000100000000)
  eden space 114688K, 38% used [0x00000000e0000000,0x00000000e2b79a70,0x00000000e7000000)
  from space 12288K, 0% used [0x00000000e7000000,0x00000000e7000000,0x00000000e7c00000)
  to   space 12288K, 0% used [0x00000000ed500000,0x00000000ed500000,0x00000000ee100000)
 ParOldGen       total 87552K, used 16086K [0x00000000a0000000, 0x00000000a5580000, 0x00000000e0000000)
  object space 87552K, 18% used [0x00000000a0000000,0x00000000a0fb5b10,0x00000000a5580000)
 Metaspace       used 35939K, capacity 37188K, committed 37288K, reserved 1081344K
  class space    used 4925K, capacity 5215K, committed 5296K, reserved 1048576K
GC Heap History (10 events):
Event: 6.954 GC heap before
{Heap before GC invocations=5 (full 1):
 PSYoungGen      total 75776K, used 7530K [0x00000000e0000000, 0x00000000e9400000, 0x0000000100000000)
  eden space 65024K, 0% used [0x00000000e0000000,0x00000000e0000000,0x00000000e3f80000)
  from space 10752K, 70% used [0x00000000e4a00000,0x00000000e515a9e0,0x00000000e5480000)
  to   space 10752K, 0% used [0x00000000e3f80000,0x00000000e3f80000,0x00000000e4a00000)
 ParOldGen       total 173568K, used 1411K [0x00000000a0000000, 0x00000000aa980000, 0x00000000e0000000)
  object space 173568K, 0% used [0x00000000a0000000,0x00000000a0160c20,0x00000000aa980000)
 Metaspace       used 20596K, capacity 21228K, committed 21296K, reserved 1067008K
  class space    used 2881K, capacity 3084K, committed 3120K, reserved 1048576K
Event: 7.010 GC heap after
Heap after GC invocations=5 (full 1):
 PSYoungGen      total 75776K, used 0K [0x00000000e0000000, 0x00000000e9400000, 0x0000000100000000)
  eden space 65024K, 0% used [0x00000000e0000000,0x00000000e0000000,0x00000000e3f80000)
  from space 10752K, 0% used [0x00000000e4a00000,0x00000000e4a00000,0x00000000e5480000)
  to   space 10752K, 0% used [0x00000000e3f80000,0x00000000e3f80000,0x00000000e4a00000)
 ParOldGen       total 87552K, used 7369K [0x00000000a0000000, 0x00000000a5580000, 0x00000000e0000000)
  object space 87552K, 8% used [0x00000000a0000000,0x00000000a0732678,0x00000000a5580000)
 Metaspace       used 20596K, capacity 21228K, committed 21296K, reserved 1067008K
  class space    used 2881K, capacity 3084K, committed 3120K, reserved 1048576K
}
Event: 8.160 GC heap before
{Heap before GC invocations=6 (full 1):
 PSYoungGen      total 75776K, used 65024K [0x00000000e0000000, 0x00000000e9400000, 0x0000000100000000)
  eden space 65024K, 100% used [0x00000000e0000000,0x00000000e3f80000,0x00000000e3f80000)
  from space 10752K, 0% used [0x00000000e4a00000,0x00000000e4a00000,0x00000000e5480000)
  to   space 10752K, 0% used [0x00000000e3f80000,0x00000000e3f80000,0x00000000e4a00000)
 ParOldGen       total 87552K, used 7369K [0x00000000a0000000, 0x00000000a5580000, 0x00000000e0000000)
  object space 87552K, 8% used [0x00000000a0000000,0x00000000a0732678,0x00000000a5580000)
 Metaspace       used 28223K, capacity 28852K, committed 28976K, reserved 1075200K
  class space    used 3893K, capacity 4127K, committed 4144K, reserved 1048576K
Event: 8.171 GC heap after
Heap after GC invocations=6 (full 1):
 PSYoungGen      total 75776K, used 7889K [0x00000000e0000000, 0x00000000e8880000, 0x0000000100000000)
  eden space 65024K, 0% used [0x00000000e0000000,0x00000000e0000000,0x00000000e3f80000)
  from space 10752K, 73% used [0x00000000e3f80000,0x00000000e47344e8,0x00000000e4a00000)
  to   space 12800K, 0% used [0x00000000e7c00000,0x00000000e7c00000,0x00000000e8880000)
 ParOldGen       total 87552K, used 7377K [0x00000000a0000000, 0x00000000a5580000, 0x00000000e0000000)
  object space 87552K, 8% used [0x00000000a0000000,0x00000000a0734678,0x00000000a5580000)
 Metaspace       used 28223K, capacity 28852K, committed 28976K, reserved 1075200K
  class space    used 3893K, capacity 4127K, committed 4144K, reserved 1048576K
}
Event: 9.343 GC heap before
{Heap before GC invocations=7 (full 1):
 PSYoungGen      total 75776K, used 72913K [0x00000000e0000000, 0x00000000e8880000, 0x0000000100000000)
  eden space 65024K, 100% used [0x00000000e0000000,0x00000000e3f80000,0x00000000e3f80000)
  from space 10752K, 73% used [0x00000000e3f80000,0x00000000e47344e8,0x00000000e4a00000)
  to   space 12800K, 0% used [0x00000000e7c00000,0x00000000e7c00000,0x00000000e8880000)
 ParOldGen       total 87552K, used 7377K [0x00000000a0000000, 0x00000000a5580000, 0x00000000e0000000)
  object space 87552K, 8% used [0x00000000a0000000,0x00000000a0734678,0x00000000a5580000)
 Metaspace       used 32106K, capacity 32912K, committed 33072K, reserved 1077248K
  class space    used 4369K, capacity 4606K, committed 4656K, reserved 1048576K
Event: 9.388 GC heap after
Heap after GC invocations=7 (full 1):
 PSYoungGen      total 127488K, used 8780K [0x00000000e0000000, 0x00000000e8900000, 0x0000000100000000)
  eden space 114688K, 0% used [0x00000000e0000000,0x00000000e0000000,0x00000000e7000000)
  from space 12800K, 68% used [0x00000000e7c00000,0x00000000e8493380,0x00000000e8880000)
  to   space 12288K, 0% used [0x00000000e7000000,0x00000000e7000000,0x00000000e7c00000)
 ParOldGen       total 87552K, used 7385K [0x00000000a0000000, 0x00000000a5580000, 0x00000000e0000000)
  object space 87552K, 8% used [0x00000000a0000000,0x00000000a0736678,0x00000000a5580000)
 Metaspace       used 32106K, capacity 32912K, committed 33072K, reserved 1077248K
  class space    used 4369K, capacity 4606K, committed 4656K, reserved 1048576K
}
Event: 10.459 GC heap before
{Heap before GC invocations=8 (full 1):
 PSYoungGen      total 127488K, used 60190K [0x00000000e0000000, 0x00000000e8900000, 0x0000000100000000)
  eden space 114688K, 44% used [0x00000000e0000000,0x00000000e3234660,0x00000000e7000000)
  from space 12800K, 68% used [0x00000000e7c00000,0x00000000e8493380,0x00000000e8880000)
  to   space 12288K, 0% used [0x00000000e7000000,0x00000000e7000000,0x00000000e7c00000)
 ParOldGen       total 87552K, used 7385K [0x00000000a0000000, 0x00000000a5580000, 0x00000000e0000000)
  object space 87552K, 8% used [0x00000000a0000000,0x00000000a0736678,0x00000000a5580000)
 Metaspace       used 34455K, capacity 35374K, committed 35496K, reserved 1079296K
  class space    used 4718K, capacity 4966K, committed 5040K, reserved 1048576K
Event: 10.500 GC heap after
Heap after GC invocations=8 (full 1):
 PSYoungGen      total 126976K, used 9368K [0x00000000e0000000, 0x00000000ee100000, 0x0000000100000000)
  eden space 114688K, 0% used [0x00000000e0000000,0x00000000e0000000,0x00000000e7000000)
  from space 12288K, 76% used [0x00000000e7000000,0x00000000e79261e0,0x00000000e7c00000)
  to   space 12288K, 0% used [0x00000000ed500000,0x00000000ed500000,0x00000000ee100000)
 ParOldGen       total 87552K, used 7393K [0x00000000a0000000, 0x00000000a5580000, 0x00000000e0000000)
  object space 87552K, 8% used [0x00000000a0000000,0x00000000a0738678,0x00000000a5580000)
 Metaspace       used 34455K, capacity 35374K, committed 35496K, reserved 1079296K
  class space    used 4718K, capacity 4966K, committed 5040K, reserved 1048576K
}
Event: 10.500 GC heap before
{Heap before GC invocations=9 (full 2):
 PSYoungGen      total 126976K, used 9368K [0x00000000e0000000, 0x00000000ee100000, 0x0000000100000000)
  eden space 114688K, 0% used [0x00000000e0000000,0x00000000e0000000,0x00000000e7000000)
  from space 12288K, 76% used [0x00000000e7000000,0x00000000e79261e0,0x00000000e7c00000)
  to   space 12288K, 0% used [0x00000000ed500000,0x00000000ed500000,0x00000000ee100000)
 ParOldGen       total 87552K, used 7393K [0x00000000a0000000, 0x00000000a5580000, 0x00000000e0000000)
  object space 87552K, 8% used [0x00000000a0000000,0x00000000a0738678,0x00000000a5580000)
 Metaspace       used 34455K, capacity 35374K, committed 35496K, reserved 1079296K
  class space    used 4718K, capacity 4966K, committed 5040K, reserved 1048576K
Event: 10.595 GC heap after
Heap after GC invocations=9 (full 2):
 PSYoungGen      total 126976K, used 0K [0x00000000e0000000, 0x00000000ee100000, 0x0000000100000000)
  eden space 114688K, 0% used [0x00000000e0000000,0x00000000e0000000,0x00000000e7000000)
  from space 12288K, 0% used [0x00000000e7000000,0x00000000e7000000,0x00000000e7c00000)
  to   space 12288K, 0% used [0x00000000ed500000,0x00000000ed500000,0x00000000ee100000)
 ParOldGen       total 87552K, used 16086K [0x00000000a0000000, 0x00000000a5580000, 0x00000000e0000000)
  object space 87552K, 18% used [0x00000000a0000000,0x00000000a0fb5b10,0x00000000a5580000)
 Metaspace       used 34455K, capacity 35374K, committed 35496K, reserved 1079296K
  class space    used 4718K, capacity 4966K, committed 5040K, reserved 1048576K
}

