# JRE version: OpenJDK Runtime Environment (8.0_242-b01) (build 1.8.0_242-release-1644-b01)
# Java VM: OpenJDK 64-Bit Server VM (25.242-b01 mixed mode windows-amd64 compressed oops)
Heap:
 PSYoungGen      total 127488K, used 47620K [0x00000000e0000000, 0x00000000edf00000, 0x0000000100000000)
  eden space 115200K, 41% used [0x00000000e0000000,0x00000000e2e81150,0x00000000e7080000)
  from space 12288K, 0% used [0x00000000e7080000,0x00000000e7080000,0x00000000e7c80000)
  to   space 12288K, 0% used [0x00000000ed300000,0x00000000ed300000,0x00000000edf00000)
 ParOldGen       total 129536K, used 16064K [0x00000000a0000000, 0x00000000a7e80000, 0x00000000e0000000)
  object space 129536K, 12% used [0x00000000a0000000,0x00000000a0fb0380,0x00000000a7e80000)
 Metaspace       used 35746K, capacity 36908K, committed 37040K, reserved 1081344K
  class space    used 4898K, capacity 5169K, committed 5296K, reserved 1048576K
GC Heap History (10 events):
Event: 7.533 GC heap before
{Heap before GC invocations=5 (full 1):
 PSYoungGen      total 75776K, used 7519K [0x00000000e0000000, 0x00000000e9400000, 0x0000000100000000)
  eden space 65024K, 0% used [0x00000000e0000000,0x00000000e0000000,0x00000000e3f80000)
  from space 10752K, 69% used [0x00000000e4a00000,0x00000000e5157e18,0x00000000e5480000)
  to   space 10752K, 0% used [0x00000000e3f80000,0x00000000e3f80000,0x00000000e4a00000)
 ParOldGen       total 173568K, used 1337K [0x00000000a0000000, 0x00000000aa980000, 0x00000000e0000000)
  object space 173568K, 0% used [0x00000000a0000000,0x00000000a014e448,0x00000000aa980000)
 Metaspace       used 20621K, capacity 21228K, committed 21296K, reserved 1067008K
  class space    used 2881K, capacity 3084K, committed 3120K, reserved 1048576K
Event: 7.590 GC heap after
Heap after GC invocations=5 (full 1):
 PSYoungGen      total 75776K, used 0K [0x00000000e0000000, 0x00000000e9400000, 0x0000000100000000)
  eden space 65024K, 0% used [0x00000000e0000000,0x00000000e0000000,0x00000000e3f80000)
  from space 10752K, 0% used [0x00000000e4a00000,0x00000000e4a00000,0x00000000e5480000)
  to   space 10752K, 0% used [0x00000000e3f80000,0x00000000e3f80000,0x00000000e4a00000)
 ParOldGen       total 86016K, used 7373K [0x00000000a0000000, 0x00000000a5400000, 0x00000000e0000000)
  object space 86016K, 8% used [0x00000000a0000000,0x00000000a0733418,0x00000000a5400000)
 Metaspace       used 20621K, capacity 21228K, committed 21296K, reserved 1067008K
  class space    used 2881K, capacity 3084K, committed 3120K, reserved 1048576K
}
Event: 8.717 GC heap before
{Heap before GC invocations=6 (full 1):
 PSYoungGen      total 75776K, used 65024K [0x00000000e0000000, 0x00000000e9400000, 0x0000000100000000)
  eden space 65024K, 100% used [0x00000000e0000000,0x00000000e3f80000,0x00000000e3f80000)
  from space 10752K, 0% used [0x00000000e4a00000,0x00000000e4a00000,0x00000000e5480000)
  to   space 10752K, 0% used [0x00000000e3f80000,0x00000000e3f80000,0x00000000e4a00000)
 ParOldGen       total 86016K, used 7373K [0x00000000a0000000, 0x00000000a5400000, 0x00000000e0000000)
  object space 86016K, 8% used [0x00000000a0000000,0x00000000a0733418,0x00000000a5400000)
 Metaspace       used 28241K, capacity 28916K, committed 29232K, reserved 1075200K
  class space    used 3893K, capacity 4127K, committed 4144K, reserved 1048576K
Event: 8.727 GC heap after
Heap after GC invocations=6 (full 1):
 PSYoungGen      total 75776K, used 8041K [0x00000000e0000000, 0x00000000e8900000, 0x0000000100000000)
  eden space 65024K, 0% used [0x00000000e0000000,0x00000000e0000000,0x00000000e3f80000)
  from space 10752K, 74% used [0x00000000e3f80000,0x00000000e475a590,0x00000000e4a00000)
  to   space 12288K, 0% used [0x00000000e7d00000,0x00000000e7d00000,0x00000000e8900000)
 ParOldGen       total 86016K, used 7381K [0x00000000a0000000, 0x00000000a5400000, 0x00000000e0000000)
  object space 86016K, 8% used [0x00000000a0000000,0x00000000a0735418,0x00000000a5400000)
 Metaspace       used 28241K, capacity 28916K, committed 29232K, reserved 1075200K
  class space    used 3893K, capacity 4127K, committed 4144K, reserved 1048576K
}
Event: 10.046 GC heap before
{Heap before GC invocations=7 (full 1):
 PSYoungGen      total 75776K, used 73065K [0x00000000e0000000, 0x00000000e8900000, 0x0000000100000000)
  eden space 65024K, 100% used [0x00000000e0000000,0x00000000e3f80000,0x00000000e3f80000)
  from space 10752K, 74% used [0x00000000e3f80000,0x00000000e475a590,0x00000000e4a00000)
  to   space 12288K, 0% used [0x00000000e7d00000,0x00000000e7d00000,0x00000000e8900000)
 ParOldGen       total 86016K, used 7381K [0x00000000a0000000, 0x00000000a5400000, 0x00000000e0000000)
  object space 86016K, 8% used [0x00000000a0000000,0x00000000a0735418,0x00000000a5400000)
 Metaspace       used 32210K, capacity 33080K, committed 33328K, reserved 1077248K
  class space    used 4381K, capacity 4641K, committed 4656K, reserved 1048576K
Event: 10.071 GC heap after
Heap after GC invocations=7 (full 1):
 PSYoungGen      total 126976K, used 8853K [0x00000000e0000000, 0x00000000e8880000, 0x0000000100000000)
  eden space 115200K, 0% used [0x00000000e0000000,0x00000000e0000000,0x00000000e7080000)
  from space 11776K, 75% used [0x00000000e7d00000,0x00000000e85a57c0,0x00000000e8880000)
  to   space 12288K, 0% used [0x00000000e7080000,0x00000000e7080000,0x00000000e7c80000)
 ParOldGen       total 86016K, used 7389K [0x00000000a0000000, 0x00000000a5400000, 0x00000000e0000000)
  object space 86016K, 8% used [0x00000000a0000000,0x00000000a0737418,0x00000000a5400000)
 Metaspace       used 32210K, capacity 33080K, committed 33328K, reserved 1077248K
  class space    used 4381K, capacity 4641K, committed 4656K, reserved 1048576K
}
Event: 10.873 GC heap before
{Heap before GC invocations=8 (full 1):
 PSYoungGen      total 126976K, used 63678K [0x00000000e0000000, 0x00000000e8880000, 0x0000000100000000)
  eden space 115200K, 47% used [0x00000000e0000000,0x00000000e358a240,0x00000000e7080000)
  from space 11776K, 75% used [0x00000000e7d00000,0x00000000e85a57c0,0x00000000e8880000)
  to   space 12288K, 0% used [0x00000000e7080000,0x00000000e7080000,0x00000000e7c80000)
 ParOldGen       total 86016K, used 7389K [0x00000000a0000000, 0x00000000a5400000, 0x00000000e0000000)
  object space 86016K, 8% used [0x00000000a0000000,0x00000000a0737418,0x00000000a5400000)
 Metaspace       used 34521K, capacity 35374K, committed 35496K, reserved 1079296K
  class space    used 4728K, capacity 4966K, committed 5040K, reserved 1048576K
Event: 10.893 GC heap after
Heap after GC invocations=8 (full 1):
 PSYoungGen      total 127488K, used 9326K [0x00000000e0000000, 0x00000000edf00000, 0x0000000100000000)
  eden space 115200K, 0% used [0x00000000e0000000,0x00000000e0000000,0x00000000e7080000)
  from space 12288K, 75% used [0x00000000e7080000,0x00000000e799b850,0x00000000e7c80000)
  to   space 12288K, 0% used [0x00000000ed300000,0x00000000ed300000,0x00000000edf00000)
 ParOldGen       total 86016K, used 7397K [0x00000000a0000000, 0x00000000a5400000, 0x00000000e0000000)
  object space 86016K, 8% used [0x00000000a0000000,0x00000000a0739418,0x00000000a5400000)
 Metaspace       used 34521K, capacity 35374K, committed 35496K, reserved 1079296K
  class space    used 4728K, capacity 4966K, committed 5040K, reserved 1048576K
}
Event: 10.893 GC heap before
{Heap before GC invocations=9 (full 2):
 PSYoungGen      total 127488K, used 9326K [0x00000000e0000000, 0x00000000edf00000, 0x0000000100000000)
  eden space 115200K, 0% used [0x00000000e0000000,0x00000000e0000000,0x00000000e7080000)
  from space 12288K, 75% used [0x00000000e7080000,0x00000000e799b850,0x00000000e7c80000)
  to   space 12288K, 0% used [0x00000000ed300000,0x00000000ed300000,0x00000000edf00000)
 ParOldGen       total 86016K, used 7397K [0x00000000a0000000, 0x00000000a5400000, 0x00000000e0000000)
  object space 86016K, 8% used [0x00000000a0000000,0x00000000a0739418,0x00000000a5400000)
 Metaspace       used 34521K, capacity 35374K, committed 35496K, reserved 1079296K
  class space    used 4728K, capacity 4966K, committed 5040K, reserved 1048576K
Event: 10.996 GC heap after
Heap after GC invocations=9 (full 2):
 PSYoungGen      total 127488K, used 0K [0x00000000e0000000, 0x00000000edf00000, 0x0000000100000000)
  eden space 115200K, 0% used [0x00000000e0000000,0x00000000e0000000,0x00000000e7080000)
  from space 12288K, 0% used [0x00000000e7080000,0x00000000e7080000,0x00000000e7c80000)
  to   space 12288K, 0% used [0x00000000ed300000,0x00000000ed300000,0x00000000edf00000)
 ParOldGen       total 129536K, used 16064K [0x00000000a0000000, 0x00000000a7e80000, 0x00000000e0000000)
  object space 129536K, 12% used [0x00000000a0000000,0x00000000a0fb0380,0x00000000a7e80000)
 Metaspace       used 34521K, capacity 35374K, committed 35496K, reserved 1079296K
  class space    used 4728K, capacity 4966K, committed 5040K, reserved 1048576K
}

