# JRE version: OpenJDK Runtime Environment (8.0_242-b01) (build 1.8.0_242-release-1644-b01)
# Java VM: OpenJDK 64-Bit Server VM (25.242-b01 mixed mode windows-amd64 compressed oops)
Heap:
 PSYoungGen      total 120832K, used 47737K [0x00000000e0000000, 0x00000000ecc80000, 0x0000000100000000)
  eden space 108544K, 43% used [0x00000000e0000000,0x00000000e2e9e5d0,0x00000000e6a00000)
  from space 12288K, 0% used [0x00000000e6a00000,0x00000000e6a00000,0x00000000e7600000)
  to   space 12800K, 0% used [0x00000000ec000000,0x00000000ec000000,0x00000000ecc80000)
 ParOldGen       total 93184K, used 16430K [0x00000000a0000000, 0x00000000a5b00000, 0x00000000e0000000)
  object space 93184K, 17% used [0x00000000a0000000,0x00000000a100b9d8,0x00000000a5b00000)
 Metaspace       used 35829K, capacity 36994K, committed 37208K, reserved 1081344K
  class space    used 4918K, capacity 5214K, committed 5248K, reserved 1048576K
GC Heap History (10 events):
Event: 7.424 GC heap before
{Heap before GC invocations=5 (full 1):
 PSYoungGen      total 75776K, used 7245K [0x00000000e0000000, 0x00000000e5480000, 0x0000000100000000)
  eden space 65024K, 0% used [0x00000000e0000000,0x00000000e0000000,0x00000000e3f80000)
  from space 10752K, 67% used [0x00000000e4a00000,0x00000000e5113408,0x00000000e5480000)
  to   space 10752K, 0% used [0x00000000e3f80000,0x00000000e3f80000,0x00000000e4a00000)
 ParOldGen       total 173568K, used 984K [0x00000000a0000000, 0x00000000aa980000, 0x00000000e0000000)
  object space 173568K, 0% used [0x00000000a0000000,0x00000000a00f62d8,0x00000000aa980000)
 Metaspace       used 20566K, capacity 21138K, committed 21248K, reserved 1067008K
  class space    used 2876K, capacity 3055K, committed 3072K, reserved 1048576K
Event: 7.487 GC heap after
Heap after GC invocations=5 (full 1):
 PSYoungGen      total 75776K, used 0K [0x00000000e0000000, 0x00000000e5480000, 0x0000000100000000)
  eden space 65024K, 0% used [0x00000000e0000000,0x00000000e0000000,0x00000000e3f80000)
  from space 10752K, 0% used [0x00000000e4a00000,0x00000000e4a00000,0x00000000e5480000)
  to   space 10752K, 0% used [0x00000000e3f80000,0x00000000e3f80000,0x00000000e4a00000)
 ParOldGen       total 93184K, used 7140K [0x00000000a0000000, 0x00000000a5b00000, 0x00000000e0000000)
  object space 93184K, 7% used [0x00000000a0000000,0x00000000a06f92e8,0x00000000a5b00000)
 Metaspace       used 20566K, capacity 21138K, committed 21248K, reserved 1067008K
  class space    used 2876K, capacity 3055K, committed 3072K, reserved 1048576K
}
Event: 8.961 GC heap before
{Heap before GC invocations=6 (full 1):
 PSYoungGen      total 75776K, used 65024K [0x00000000e0000000, 0x00000000e5480000, 0x0000000100000000)
  eden space 65024K, 100% used [0x00000000e0000000,0x00000000e3f80000,0x00000000e3f80000)
  from space 10752K, 0% used [0x00000000e4a00000,0x00000000e4a00000,0x00000000e5480000)
  to   space 10752K, 0% used [0x00000000e3f80000,0x00000000e3f80000,0x00000000e4a00000)
 ParOldGen       total 93184K, used 7140K [0x00000000a0000000, 0x00000000a5b00000, 0x00000000e0000000)
  object space 93184K, 7% used [0x00000000a0000000,0x00000000a06f92e8,0x00000000a5b00000)
 Metaspace       used 28470K, capacity 29082K, committed 29440K, reserved 1075200K
  class space    used 3830K, capacity 4034K, committed 4096K, reserved 1048576K
Event: 8.975 GC heap after
Heap after GC invocations=6 (full 1):
 PSYoungGen      total 75776K, used 7779K [0x00000000e0000000, 0x00000000e8200000, 0x0000000100000000)
  eden space 65024K, 0% used [0x00000000e0000000,0x00000000e0000000,0x00000000e3f80000)
  from space 10752K, 72% used [0x00000000e3f80000,0x00000000e4718dc0,0x00000000e4a00000)
  to   space 12288K, 0% used [0x00000000e7600000,0x00000000e7600000,0x00000000e8200000)
 ParOldGen       total 93184K, used 7148K [0x00000000a0000000, 0x00000000a5b00000, 0x00000000e0000000)
  object space 93184K, 7% used [0x00000000a0000000,0x00000000a06fb2e8,0x00000000a5b00000)
 Metaspace       used 28470K, capacity 29082K, committed 29440K, reserved 1075200K
  class space    used 3830K, capacity 4034K, committed 4096K, reserved 1048576K
}
Event: 10.393 GC heap before
{Heap before GC invocations=7 (full 1):
 PSYoungGen      total 75776K, used 72803K [0x00000000e0000000, 0x00000000e8200000, 0x0000000100000000)
  eden space 65024K, 100% used [0x00000000e0000000,0x00000000e3f80000,0x00000000e3f80000)
  from space 10752K, 72% used [0x00000000e3f80000,0x00000000e4718dc0,0x00000000e4a00000)
  to   space 12288K, 0% used [0x00000000e7600000,0x00000000e7600000,0x00000000e8200000)
 ParOldGen       total 93184K, used 7148K [0x00000000a0000000, 0x00000000a5b00000, 0x00000000e0000000)
  object space 93184K, 7% used [0x00000000a0000000,0x00000000a06fb2e8,0x00000000a5b00000)
 Metaspace       used 31955K, capacity 32678K, committed 33024K, reserved 1077248K
  class space    used 4343K, capacity 4548K, committed 4608K, reserved 1048576K
Event: 10.420 GC heap after
Heap after GC invocations=7 (full 1):
 PSYoungGen      total 120832K, used 9053K [0x00000000e0000000, 0x00000000e8300000, 0x0000000100000000)
  eden space 108544K, 0% used [0x00000000e0000000,0x00000000e0000000,0x00000000e6a00000)
  from space 12288K, 73% used [0x00000000e7600000,0x00000000e7ed74c0,0x00000000e8200000)
  to   space 12288K, 0% used [0x00000000e6a00000,0x00000000e6a00000,0x00000000e7600000)
 ParOldGen       total 93184K, used 7156K [0x00000000a0000000, 0x00000000a5b00000, 0x00000000e0000000)
  object space 93184K, 7% used [0x00000000a0000000,0x00000000a06fd2e8,0x00000000a5b00000)
 Metaspace       used 31955K, capacity 32678K, committed 33024K, reserved 1077248K
  class space    used 4343K, capacity 4548K, committed 4608K, reserved 1048576K
}
Event: 11.446 GC heap before
{Heap before GC invocations=8 (full 1):
 PSYoungGen      total 120832K, used 65871K [0x00000000e0000000, 0x00000000e8300000, 0x0000000100000000)
  eden space 108544K, 52% used [0x00000000e0000000,0x00000000e377c8b0,0x00000000e6a00000)
  from space 12288K, 73% used [0x00000000e7600000,0x00000000e7ed74c0,0x00000000e8200000)
  to   space 12288K, 0% used [0x00000000e6a00000,0x00000000e6a00000,0x00000000e7600000)
 ParOldGen       total 93184K, used 7156K [0x00000000a0000000, 0x00000000a5b00000, 0x00000000e0000000)
  object space 93184K, 7% used [0x00000000a0000000,0x00000000a06fd2e8,0x00000000a5b00000)
 Metaspace       used 34491K, capacity 35304K, committed 35416K, reserved 1079296K
  class space    used 4705K, capacity 4911K, committed 4992K, reserved 1048576K
Event: 11.468 GC heap after
Heap after GC invocations=8 (full 1):
 PSYoungGen      total 120832K, used 10128K [0x00000000e0000000, 0x00000000ecc80000, 0x0000000100000000)
  eden space 108544K, 0% used [0x00000000e0000000,0x00000000e0000000,0x00000000e6a00000)
  from space 12288K, 82% used [0x00000000e6a00000,0x00000000e73e4008,0x00000000e7600000)
  to   space 12800K, 0% used [0x00000000ec000000,0x00000000ec000000,0x00000000ecc80000)
 ParOldGen       total 93184K, used 7164K [0x00000000a0000000, 0x00000000a5b00000, 0x00000000e0000000)
  object space 93184K, 7% used [0x00000000a0000000,0x00000000a06ff2e8,0x00000000a5b00000)
 Metaspace       used 34491K, capacity 35304K, committed 35416K, reserved 1079296K
  class space    used 4705K, capacity 4911K, committed 4992K, reserved 1048576K
}
Event: 11.469 GC heap before
{Heap before GC invocations=9 (full 2):
 PSYoungGen      total 120832K, used 10128K [0x00000000e0000000, 0x00000000ecc80000, 0x0000000100000000)
  eden space 108544K, 0% used [0x00000000e0000000,0x00000000e0000000,0x00000000e6a00000)
  from space 12288K, 82% used [0x00000000e6a00000,0x00000000e73e4008,0x00000000e7600000)
  to   space 12800K, 0% used [0x00000000ec000000,0x00000000ec000000,0x00000000ecc80000)
 ParOldGen       total 93184K, used 7164K [0x00000000a0000000, 0x00000000a5b00000, 0x00000000e0000000)
  object space 93184K, 7% used [0x00000000a0000000,0x00000000a06ff2e8,0x00000000a5b00000)
 Metaspace       used 34491K, capacity 35304K, committed 35416K, reserved 1079296K
  class space    used 4705K, capacity 4911K, committed 4992K, reserved 1048576K
Event: 11.613 GC heap after
Heap after GC invocations=9 (full 2):
 PSYoungGen      total 120832K, used 0K [0x00000000e0000000, 0x00000000ecc80000, 0x0000000100000000)
  eden space 108544K, 0% used [0x00000000e0000000,0x00000000e0000000,0x00000000e6a00000)
  from space 12288K, 0% used [0x00000000e6a00000,0x00000000e6a00000,0x00000000e7600000)
  to   space 12800K, 0% used [0x00000000ec000000,0x00000000ec000000,0x00000000ecc80000)
 ParOldGen       total 93184K, used 16430K [0x00000000a0000000, 0x00000000a5b00000, 0x00000000e0000000)
  object space 93184K, 17% used [0x00000000a0000000,0x00000000a100b9d8,0x00000000a5b00000)
 Metaspace       used 34491K, capacity 35304K, committed 35416K, reserved 1079296K
  class space    used 4705K, capacity 4911K, committed 4992K, reserved 1048576K
}

