# JRE version: OpenJDK Runtime Environment (8.0_242-b01) (build 1.8.0_242-release-1644-b01)
# Java VM: OpenJDK 64-Bit Server VM (25.242-b01 mixed mode windows-amd64 compressed oops)
Heap:
 PSYoungGen      total 86016K, used 71393K [0x00000000d5580000, 0x00000000dba00000, 0x0000000100000000)
  eden space 72192K, 79% used [0x00000000d5580000,0x00000000d8db9198,0x00000000d9c00000)
  from space 13824K, 99% used [0x00000000d9c00000,0x00000000da97f330,0x00000000da980000)
  to   space 12288K, 0% used [0x00000000da980000,0x00000000da980000,0x00000000db580000)
 ParOldGen       total 124928K, used 22739K [0x0000000080000000, 0x0000000087a00000, 0x00000000d5580000)
  object space 124928K, 18% used [0x0000000080000000,0x0000000081634c30,0x0000000087a00000)
 Metaspace       used 56592K, capacity 58676K, committed 58920K, reserved 1099776K
  class space    used 7628K, capacity 8124K, committed 8232K, reserved 1048576K
GC Heap History (10 events):
Event: 34.508 GC heap before
{Heap before GC invocations=9 (full 2):
 PSYoungGen      total 71168K, used 10134K [0x00000000d5580000, 0x00000000da900000, 0x0000000100000000)
  eden space 60928K, 0% used [0x00000000d5580000,0x00000000d5580000,0x00000000d9100000)
  from space 10240K, 98% used [0x00000000d9200000,0x00000000d9be5b40,0x00000000d9c00000)
  to   space 12288K, 0% used [0x00000000d9d00000,0x00000000d9d00000,0x00000000da900000)
 ParOldGen       total 73728K, used 7439K [0x0000000080000000, 0x0000000084800000, 0x00000000d5580000)
  object space 73728K, 10% used [0x0000000080000000,0x0000000080743f28,0x0000000084800000)
 Metaspace       used 34397K, capacity 35382K, committed 35496K, reserved 1079296K
  class space    used 4657K, capacity 4941K, committed 5032K, reserved 1048576K
Event: 34.678 GC heap after
Heap after GC invocations=9 (full 2):
 PSYoungGen      total 71168K, used 0K [0x00000000d5580000, 0x00000000da900000, 0x0000000100000000)
  eden space 60928K, 0% used [0x00000000d5580000,0x00000000d5580000,0x00000000d9100000)
  from space 10240K, 0% used [0x00000000d9200000,0x00000000d9200000,0x00000000d9c00000)
  to   space 12288K, 0% used [0x00000000d9d00000,0x00000000d9d00000,0x00000000da900000)
 ParOldGen       total 124928K, used 16662K [0x0000000080000000, 0x0000000087a00000, 0x00000000d5580000)
  object space 124928K, 13% used [0x0000000080000000,0x00000000810458e0,0x0000000087a00000)
 Metaspace       used 34397K, capacity 35382K, committed 35496K, reserved 1079296K
  class space    used 4657K, capacity 4941K, committed 5032K, reserved 1048576K
}
Event: 37.459 GC heap before
{Heap before GC invocations=10 (full 2):
 PSYoungGen      total 71168K, used 60928K [0x00000000d5580000, 0x00000000da900000, 0x0000000100000000)
  eden space 60928K, 100% used [0x00000000d5580000,0x00000000d9100000,0x00000000d9100000)
  from space 10240K, 0% used [0x00000000d9200000,0x00000000d9200000,0x00000000d9c00000)
  to   space 12288K, 0% used [0x00000000d9d00000,0x00000000d9d00000,0x00000000da900000)
 ParOldGen       total 124928K, used 16662K [0x0000000080000000, 0x0000000087a00000, 0x00000000d5580000)
  object space 124928K, 13% used [0x0000000080000000,0x00000000810458e0,0x0000000087a00000)
 Metaspace       used 36673K, capacity 37950K, committed 38184K, reserved 1081344K
  class space    used 5039K, capacity 5344K, committed 5416K, reserved 1048576K
Event: 37.477 GC heap after
Heap after GC invocations=10 (full 2):
 PSYoungGen      total 72704K, used 4934K [0x00000000d5580000, 0x00000000dbf00000, 0x0000000100000000)
  eden space 60416K, 0% used [0x00000000d5580000,0x00000000d5580000,0x00000000d9080000)
  from space 12288K, 40% used [0x00000000d9d00000,0x00000000da1d1a30,0x00000000da900000)
  to   space 12800K, 0% used [0x00000000d9080000,0x00000000d9080000,0x00000000d9d00000)
 ParOldGen       total 124928K, used 16662K [0x0000000080000000, 0x0000000087a00000, 0x00000000d5580000)
  object space 124928K, 13% used [0x0000000080000000,0x00000000810458e0,0x0000000087a00000)
 Metaspace       used 36673K, capacity 37950K, committed 38184K, reserved 1081344K
  class space    used 5039K, capacity 5344K, committed 5416K, reserved 1048576K
}
Event: 41.158 GC heap before
{Heap before GC invocations=11 (full 2):
 PSYoungGen      total 72704K, used 65350K [0x00000000d5580000, 0x00000000dbf00000, 0x0000000100000000)
  eden space 60416K, 100% used [0x00000000d5580000,0x00000000d9080000,0x00000000d9080000)
  from space 12288K, 40% used [0x00000000d9d00000,0x00000000da1d1a30,0x00000000da900000)
  to   space 12800K, 0% used [0x00000000d9080000,0x00000000d9080000,0x00000000d9d00000)
 ParOldGen       total 124928K, used 16662K [0x0000000080000000, 0x0000000087a00000, 0x00000000d5580000)
  object space 124928K, 13% used [0x0000000080000000,0x00000000810458e0,0x0000000087a00000)
 Metaspace       used 40812K, capacity 42442K, committed 42664K, reserved 1085440K
  class space    used 5585K, capacity 5948K, committed 6056K, reserved 1048576K
Event: 41.184 GC heap after
Heap after GC invocations=11 (full 2):
 PSYoungGen      total 73216K, used 8490K [0x00000000d5580000, 0x00000000db580000, 0x0000000100000000)
  eden space 60416K, 0% used [0x00000000d5580000,0x00000000d5580000,0x00000000d9080000)
  from space 12800K, 66% used [0x00000000d9080000,0x00000000d98cabd0,0x00000000d9d00000)
  to   space 12288K, 0% used [0x00000000da980000,0x00000000da980000,0x00000000db580000)
 ParOldGen       total 124928K, used 16670K [0x0000000080000000, 0x0000000087a00000, 0x00000000d5580000)
  object space 124928K, 13% used [0x0000000080000000,0x00000000810478e0,0x0000000087a00000)
 Metaspace       used 40812K, capacity 42442K, committed 42664K, reserved 1085440K
  class space    used 5585K, capacity 5948K, committed 6056K, reserved 1048576K
}
Event: 43.717 GC heap before
{Heap before GC invocations=12 (full 2):
 PSYoungGen      total 73216K, used 68906K [0x00000000d5580000, 0x00000000db580000, 0x0000000100000000)
  eden space 60416K, 100% used [0x00000000d5580000,0x00000000d9080000,0x00000000d9080000)
  from space 12800K, 66% used [0x00000000d9080000,0x00000000d98cabd0,0x00000000d9d00000)
  to   space 12288K, 0% used [0x00000000da980000,0x00000000da980000,0x00000000db580000)
 ParOldGen       total 124928K, used 16670K [0x0000000080000000, 0x0000000087a00000, 0x00000000d5580000)
  object space 124928K, 13% used [0x0000000080000000,0x00000000810478e0,0x0000000087a00000)
 Metaspace       used 46349K, capacity 48008K, committed 48168K, reserved 1091584K
  class space    used 6253K, capacity 6611K, committed 6696K, reserved 1048576K
Event: 43.744 GC heap after
Heap after GC invocations=12 (full 2):
 PSYoungGen      total 84480K, used 12277K [0x00000000d5580000, 0x00000000dba00000, 0x0000000100000000)
  eden space 72192K, 0% used [0x00000000d5580000,0x00000000d5580000,0x00000000d9c00000)
  from space 12288K, 99% used [0x00000000da980000,0x00000000db57d420,0x00000000db580000)
  to   space 13824K, 0% used [0x00000000d9c00000,0x00000000d9c00000,0x00000000da980000)
 ParOldGen       total 124928K, used 17947K [0x0000000080000000, 0x0000000087a00000, 0x00000000d5580000)
  object space 124928K, 14% used [0x0000000080000000,0x0000000081186c70,0x0000000087a00000)
 Metaspace       used 46349K, capacity 48008K, committed 48168K, reserved 1091584K
  class space    used 6253K, capacity 6611K, committed 6696K, reserved 1048576K
}
Event: 48.427 GC heap before
{Heap before GC invocations=13 (full 2):
 PSYoungGen      total 84480K, used 84469K [0x00000000d5580000, 0x00000000dba00000, 0x0000000100000000)
  eden space 72192K, 100% used [0x00000000d5580000,0x00000000d9c00000,0x00000000d9c00000)
  from space 12288K, 99% used [0x00000000da980000,0x00000000db57d420,0x00000000db580000)
  to   space 13824K, 0% used [0x00000000d9c00000,0x00000000d9c00000,0x00000000da980000)
 ParOldGen       total 124928K, used 17947K [0x0000000080000000, 0x0000000087a00000, 0x00000000d5580000)
  object space 124928K, 14% used [0x0000000080000000,0x0000000081186c70,0x0000000087a00000)
 Metaspace       used 52528K, capacity 54456K, committed 54568K, reserved 1095680K
  class space    used 6975K, capacity 7414K, committed 7464K, reserved 1048576K
Event: 48.953 GC heap after
Heap after GC invocations=13 (full 2):
 PSYoungGen      total 86016K, used 13820K [0x00000000d5580000, 0x00000000dba00000, 0x0000000100000000)
  eden space 72192K, 0% used [0x00000000d5580000,0x00000000d5580000,0x00000000d9c00000)
  from space 13824K, 99% used [0x00000000d9c00000,0x00000000da97f330,0x00000000da980000)
  to   space 12288K, 0% used [0x00000000da980000,0x00000000da980000,0x00000000db580000)
 ParOldGen       total 124928K, used 22739K [0x0000000080000000, 0x0000000087a00000, 0x00000000d5580000)
  object space 124928K, 18% used [0x0000000080000000,0x0000000081634c30,0x0000000087a00000)
 Metaspace       used 52528K, capacity 54456K, committed 54568K, reserved 1095680K
  class space    used 6975K, capacity 7414K, committed 7464K, reserved 1048576K
}

