# JRE version: OpenJDK Runtime Environment (8.0_242-b01) (build 1.8.0_242-release-1644-b01)
# Java VM: OpenJDK 64-Bit Server VM (25.242-b01 mixed mode windows-amd64 compressed oops)
Heap:
 PSYoungGen      total 226304K, used 117665K [0x00000000e0000000, 0x00000000f0c80000, 0x0000000100000000)
  eden space 205312K, 57% used [0x00000000e0000000,0x00000000e72e8408,0x00000000ec880000)
  from space 20992K, 0% used [0x00000000edc80000,0x00000000edc80000,0x00000000ef100000)
  to   space 20480K, 0% used [0x00000000ec880000,0x00000000ec880000,0x00000000edc80000)
 ParOldGen       total 217600K, used 43399K [0x00000000a0000000, 0x00000000ad480000, 0x00000000e0000000)
  object space 217600K, 19% used [0x00000000a0000000,0x00000000a2a61f78,0x00000000ad480000)
 Metaspace       used 63969K, capacity 66326K, committed 66432K, reserved 1105920K
  class space    used 8550K, capacity 9086K, committed 9088K, reserved 1048576K
GC Heap History (10 events):
Event: 12.088 GC heap before
{Heap before GC invocations=9 (full 2):
 PSYoungGen      total 119296K, used 10047K [0x00000000e0000000, 0x00000000ec700000, 0x0000000100000000)
  eden space 107520K, 0% used [0x00000000e0000000,0x00000000e0000000,0x00000000e6900000)
  from space 11776K, 85% used [0x00000000e6900000,0x00000000e72cfc60,0x00000000e7480000)
  to   space 12288K, 0% used [0x00000000ebb00000,0x00000000ebb00000,0x00000000ec700000)
 ParOldGen       total 92160K, used 7200K [0x00000000a0000000, 0x00000000a5a00000, 0x00000000e0000000)
  object space 92160K, 7% used [0x00000000a0000000,0x00000000a07081a0,0x00000000a5a00000)
 Metaspace       used 34489K, capacity 35336K, committed 35416K, reserved 1079296K
  class space    used 4705K, capacity 4943K, committed 4992K, reserved 1048576K
Event: 12.196 GC heap after
Heap after GC invocations=9 (full 2):
 PSYoungGen      total 119296K, used 0K [0x00000000e0000000, 0x00000000ec700000, 0x0000000100000000)
  eden space 107520K, 0% used [0x00000000e0000000,0x00000000e0000000,0x00000000e6900000)
  from space 11776K, 0% used [0x00000000e6900000,0x00000000e6900000,0x00000000e7480000)
  to   space 12288K, 0% used [0x00000000ebb00000,0x00000000ebb00000,0x00000000ec700000)
 ParOldGen       total 142336K, used 16362K [0x00000000a0000000, 0x00000000a8b00000, 0x00000000e0000000)
  object space 142336K, 11% used [0x00000000a0000000,0x00000000a0ffa9f0,0x00000000a8b00000)
 Metaspace       used 34489K, capacity 35336K, committed 35416K, reserved 1079296K
  class space    used 4705K, capacity 4943K, committed 4992K, reserved 1048576K
}
Event: 15.174 GC heap before
{Heap before GC invocations=10 (full 2):
 PSYoungGen      total 119296K, used 107520K [0x00000000e0000000, 0x00000000ec700000, 0x0000000100000000)
  eden space 107520K, 100% used [0x00000000e0000000,0x00000000e6900000,0x00000000e6900000)
  from space 11776K, 0% used [0x00000000e6900000,0x00000000e6900000,0x00000000e7480000)
  to   space 12288K, 0% used [0x00000000ebb00000,0x00000000ebb00000,0x00000000ec700000)
 ParOldGen       total 142336K, used 16362K [0x00000000a0000000, 0x00000000a8b00000, 0x00000000e0000000)
  object space 142336K, 11% used [0x00000000a0000000,0x00000000a0ffa9f0,0x00000000a8b00000)
 Metaspace       used 43195K, capacity 44640K, committed 44928K, reserved 1087488K
  class space    used 5847K, capacity 6194K, committed 6272K, reserved 1048576K
Event: 15.201 GC heap after
Heap after GC invocations=10 (full 2):
 PSYoungGen      total 172032K, used 12285K [0x00000000e0000000, 0x00000000ec700000, 0x0000000100000000)
  eden space 159744K, 0% used [0x00000000e0000000,0x00000000e0000000,0x00000000e9c00000)
  from space 12288K, 99% used [0x00000000ebb00000,0x00000000ec6ff6a0,0x00000000ec700000)
  to   space 14336K, 0% used [0x00000000eab00000,0x00000000eab00000,0x00000000eb900000)
 ParOldGen       total 142336K, used 18480K [0x00000000a0000000, 0x00000000a8b00000, 0x00000000e0000000)
  object space 142336K, 12% used [0x00000000a0000000,0x00000000a120c330,0x00000000a8b00000)
 Metaspace       used 43195K, capacity 44640K, committed 44928K, reserved 1087488K
  class space    used 5847K, capacity 6194K, committed 6272K, reserved 1048576K
}
Event: 19.445 GC heap before
{Heap before GC invocations=11 (full 2):
 PSYoungGen      total 172032K, used 172029K [0x00000000e0000000, 0x00000000ec700000, 0x0000000100000000)
  eden space 159744K, 100% used [0x00000000e0000000,0x00000000e9c00000,0x00000000e9c00000)
  from space 12288K, 99% used [0x00000000ebb00000,0x00000000ec6ff6a0,0x00000000ec700000)
  to   space 14336K, 0% used [0x00000000eab00000,0x00000000eab00000,0x00000000eb900000)
 ParOldGen       total 142336K, used 18480K [0x00000000a0000000, 0x00000000a8b00000, 0x00000000e0000000)
  object space 142336K, 12% used [0x00000000a0000000,0x00000000a120c330,0x00000000a8b00000)
 Metaspace       used 55142K, capacity 57064K, committed 57216K, reserved 1097728K
  class space    used 7482K, capacity 7938K, committed 8064K, reserved 1048576K
Event: 19.492 GC heap after
Heap after GC invocations=11 (full 2):
 PSYoungGen      total 189440K, used 14332K [0x00000000e0000000, 0x00000000ef100000, 0x0000000100000000)
  eden space 175104K, 0% used [0x00000000e0000000,0x00000000e0000000,0x00000000eab00000)
  from space 14336K, 99% used [0x00000000eab00000,0x00000000eb8ff320,0x00000000eb900000)
  to   space 20992K, 0% used [0x00000000edc80000,0x00000000edc80000,0x00000000ef100000)
 ParOldGen       total 142336K, used 31210K [0x00000000a0000000, 0x00000000a8b00000, 0x00000000e0000000)
  object space 142336K, 21% used [0x00000000a0000000,0x00000000a1e7a818,0x00000000a8b00000)
 Metaspace       used 55142K, capacity 57064K, committed 57216K, reserved 1097728K
  class space    used 7482K, capacity 7938K, committed 8064K, reserved 1048576K
}
Event: 20.623 GC heap before
{Heap before GC invocations=12 (full 2):
 PSYoungGen      total 189440K, used 57453K [0x00000000e0000000, 0x00000000ef100000, 0x0000000100000000)
  eden space 175104K, 24% used [0x00000000e0000000,0x00000000e2a1c3e8,0x00000000eab00000)
  from space 14336K, 99% used [0x00000000eab00000,0x00000000eb8ff320,0x00000000eb900000)
  to   space 20992K, 0% used [0x00000000edc80000,0x00000000edc80000,0x00000000ef100000)
 ParOldGen       total 142336K, used 31210K [0x00000000a0000000, 0x00000000a8b00000, 0x00000000e0000000)
  object space 142336K, 21% used [0x00000000a0000000,0x00000000a1e7a818,0x00000000a8b00000)
 Metaspace       used 56825K, capacity 58850K, committed 59008K, reserved 1099776K
  class space    used 7736K, capacity 8206K, committed 8320K, reserved 1048576K
Event: 20.668 GC heap after
Heap after GC invocations=12 (full 2):
 PSYoungGen      total 226304K, used 11816K [0x00000000e0000000, 0x00000000f0c80000, 0x0000000100000000)
  eden space 205312K, 0% used [0x00000000e0000000,0x00000000e0000000,0x00000000ec880000)
  from space 20992K, 56% used [0x00000000edc80000,0x00000000ee80a370,0x00000000ef100000)
  to   space 20480K, 0% used [0x00000000ec880000,0x00000000ec880000,0x00000000edc80000)
 ParOldGen       total 142336K, used 38069K [0x00000000a0000000, 0x00000000a8b00000, 0x00000000e0000000)
  object space 142336K, 26% used [0x00000000a0000000,0x00000000a252d418,0x00000000a8b00000)
 Metaspace       used 56825K, capacity 58850K, committed 59008K, reserved 1099776K
  class space    used 7736K, capacity 8206K, committed 8320K, reserved 1048576K
}
Event: 20.668 GC heap before
{Heap before GC invocations=13 (full 3):
 PSYoungGen      total 226304K, used 11816K [0x00000000e0000000, 0x00000000f0c80000, 0x0000000100000000)
  eden space 205312K, 0% used [0x00000000e0000000,0x00000000e0000000,0x00000000ec880000)
  from space 20992K, 56% used [0x00000000edc80000,0x00000000ee80a370,0x00000000ef100000)
  to   space 20480K, 0% used [0x00000000ec880000,0x00000000ec880000,0x00000000edc80000)
 ParOldGen       total 142336K, used 38069K [0x00000000a0000000, 0x00000000a8b00000, 0x00000000e0000000)
  object space 142336K, 26% used [0x00000000a0000000,0x00000000a252d418,0x00000000a8b00000)
 Metaspace       used 56825K, capacity 58850K, committed 59008K, reserved 1099776K
  class space    used 7736K, capacity 8206K, committed 8320K, reserved 1048576K
Event: 21.022 GC heap after
Heap after GC invocations=13 (full 3):
 PSYoungGen      total 226304K, used 0K [0x00000000e0000000, 0x00000000f0c80000, 0x0000000100000000)
  eden space 205312K, 0% used [0x00000000e0000000,0x00000000e0000000,0x00000000ec880000)
  from space 20992K, 0% used [0x00000000edc80000,0x00000000edc80000,0x00000000ef100000)
  to   space 20480K, 0% used [0x00000000ec880000,0x00000000ec880000,0x00000000edc80000)
 ParOldGen       total 217600K, used 43399K [0x00000000a0000000, 0x00000000ad480000, 0x00000000e0000000)
  object space 217600K, 19% used [0x00000000a0000000,0x00000000a2a61f78,0x00000000ad480000)
 Metaspace       used 56801K, capacity 58772K, committed 59008K, reserved 1099776K
  class space    used 7729K, capacity 8193K, committed 8320K, reserved 1048576K
}

