# JRE version: OpenJDK Runtime Environment (8.0_242-b01) (build 1.8.0_242-release-1644-b01)
# Java VM: OpenJDK 64-Bit Server VM (25.242-b01 mixed mode windows-amd64 compressed oops)
Heap:
 PSYoungGen      total 131584K, used 99211K [0x00000000e0000000, 0x00000000e9f80000, 0x0000000100000000)
  eden space 119296K, 77% used [0x00000000e0000000,0x00000000e5a4a980,0x00000000e7480000)
  from space 12288K, 54% used [0x00000000e9380000,0x00000000e9a18470,0x00000000e9f80000)
  to   space 22016K, 0% used [0x00000000e7480000,0x00000000e7480000,0x00000000e8a00000)
 ParOldGen       total 168960K, used 35700K [0x00000000a0000000, 0x00000000aa500000, 0x00000000e0000000)
  object space 168960K, 21% used [0x00000000a0000000,0x00000000a22dd0d8,0x00000000aa500000)
 Metaspace       used 65277K, capacity 67956K, committed 68264K, reserved 1107968K
  class space    used 8962K, capacity 9539K, committed 9640K, reserved 1048576K
GC Heap History (10 events):
Event: 45.971 GC heap before
{Heap before GC invocations=13 (full 2):
 PSYoungGen      total 81920K, used 81912K [0x00000000e0000000, 0x00000000e6900000, 0x0000000100000000)
  eden space 69120K, 100% used [0x00000000e0000000,0x00000000e4380000,0x00000000e4380000)
  from space 12800K, 99% used [0x00000000e5280000,0x00000000e5efe168,0x00000000e5f00000)
  to   space 15360K, 0% used [0x00000000e4380000,0x00000000e4380000,0x00000000e5280000)
 ParOldGen       total 124416K, used 19373K [0x00000000a0000000, 0x00000000a7980000, 0x00000000e0000000)
  object space 124416K, 15% used [0x00000000a0000000,0x00000000a12eb7b0,0x00000000a7980000)
 Metaspace       used 51962K, capacity 53966K, committed 54056K, reserved 1095680K
  class space    used 6936K, capacity 7416K, committed 7464K, reserved 1048576K
Event: 46.017 GC heap after
Heap after GC invocations=13 (full 2):
 PSYoungGen      total 84480K, used 15340K [0x00000000e0000000, 0x00000000e7c80000, 0x0000000100000000)
  eden space 69120K, 0% used [0x00000000e0000000,0x00000000e0000000,0x00000000e4380000)
  from space 15360K, 99% used [0x00000000e4380000,0x00000000e527b330,0x00000000e5280000)
  to   space 19456K, 0% used [0x00000000e6980000,0x00000000e6980000,0x00000000e7c80000)
 ParOldGen       total 124416K, used 24777K [0x00000000a0000000, 0x00000000a7980000, 0x00000000e0000000)
  object space 124416K, 19% used [0x00000000a0000000,0x00000000a1832668,0x00000000a7980000)
 Metaspace       used 51962K, capacity 53966K, committed 54056K, reserved 1095680K
  class space    used 6936K, capacity 7416K, committed 7464K, reserved 1048576K
}
Event: 51.293 GC heap before
{Heap before GC invocations=14 (full 2):
 PSYoungGen      total 84480K, used 84460K [0x00000000e0000000, 0x00000000e7c80000, 0x0000000100000000)
  eden space 69120K, 100% used [0x00000000e0000000,0x00000000e4380000,0x00000000e4380000)
  from space 15360K, 99% used [0x00000000e4380000,0x00000000e527b330,0x00000000e5280000)
  to   space 19456K, 0% used [0x00000000e6980000,0x00000000e6980000,0x00000000e7c80000)
 ParOldGen       total 124416K, used 24777K [0x00000000a0000000, 0x00000000a7980000, 0x00000000e0000000)
  object space 124416K, 19% used [0x00000000a0000000,0x00000000a1832668,0x00000000a7980000)
 Metaspace       used 56517K, capacity 58742K, committed 58920K, reserved 1099776K
  class space    used 7675K, capacity 8196K, committed 8232K, reserved 1048576K
Event: 51.404 GC heap after
Heap after GC invocations=14 (full 2):
 PSYoungGen      total 104448K, used 19430K [0x00000000e0000000, 0x00000000e8600000, 0x0000000100000000)
  eden space 84992K, 0% used [0x00000000e0000000,0x00000000e0000000,0x00000000e5300000)
  from space 19456K, 99% used [0x00000000e6980000,0x00000000e7c79aa0,0x00000000e7c80000)
  to   space 23040K, 0% used [0x00000000e5300000,0x00000000e5300000,0x00000000e6980000)
 ParOldGen       total 124416K, used 28408K [0x00000000a0000000, 0x00000000a7980000, 0x00000000e0000000)
  object space 124416K, 22% used [0x00000000a0000000,0x00000000a1bbe170,0x00000000a7980000)
 Metaspace       used 56517K, capacity 58742K, committed 58920K, reserved 1099776K
  class space    used 7675K, capacity 8196K, committed 8232K, reserved 1048576K
}
Event: 52.223 GC heap before
{Heap before GC invocations=15 (full 2):
 PSYoungGen      total 104448K, used 40731K [0x00000000e0000000, 0x00000000e8600000, 0x0000000100000000)
  eden space 84992K, 25% used [0x00000000e0000000,0x00000000e14cd490,0x00000000e5300000)
  from space 19456K, 99% used [0x00000000e6980000,0x00000000e7c79aa0,0x00000000e7c80000)
  to   space 23040K, 0% used [0x00000000e5300000,0x00000000e5300000,0x00000000e6980000)
 ParOldGen       total 124416K, used 28408K [0x00000000a0000000, 0x00000000a7980000, 0x00000000e0000000)
  object space 124416K, 22% used [0x00000000a0000000,0x00000000a1bbe170,0x00000000a7980000)
 Metaspace       used 56783K, capacity 59018K, committed 59160K, reserved 1099776K
  class space    used 7714K, capacity 8280K, committed 8360K, reserved 1048576K
Event: 52.474 GC heap after
Heap after GC invocations=15 (full 2):
 PSYoungGen      total 108032K, used 9777K [0x00000000e0000000, 0x00000000ea900000, 0x0000000100000000)
  eden space 84992K, 0% used [0x00000000e0000000,0x00000000e0000000,0x00000000e5300000)
  from space 23040K, 42% used [0x00000000e5300000,0x00000000e5c8c660,0x00000000e6980000)
  to   space 22016K, 0% used [0x00000000e9380000,0x00000000e9380000,0x00000000ea900000)
 ParOldGen       total 124416K, used 37555K [0x00000000a0000000, 0x00000000a7980000, 0x00000000e0000000)
  object space 124416K, 30% used [0x00000000a0000000,0x00000000a24acc58,0x00000000a7980000)
 Metaspace       used 56783K, capacity 59018K, committed 59160K, reserved 1099776K
  class space    used 7714K, capacity 8280K, committed 8360K, reserved 1048576K
}
Event: 52.474 GC heap before
{Heap before GC invocations=16 (full 3):
 PSYoungGen      total 108032K, used 9777K [0x00000000e0000000, 0x00000000ea900000, 0x0000000100000000)
  eden space 84992K, 0% used [0x00000000e0000000,0x00000000e0000000,0x00000000e5300000)
  from space 23040K, 42% used [0x00000000e5300000,0x00000000e5c8c660,0x00000000e6980000)
  to   space 22016K, 0% used [0x00000000e9380000,0x00000000e9380000,0x00000000ea900000)
 ParOldGen       total 124416K, used 37555K [0x00000000a0000000, 0x00000000a7980000, 0x00000000e0000000)
  object space 124416K, 30% used [0x00000000a0000000,0x00000000a24acc58,0x00000000a7980000)
 Metaspace       used 56783K, capacity 59018K, committed 59160K, reserved 1099776K
  class space    used 7714K, capacity 8280K, committed 8360K, reserved 1048576K
Event: 53.525 GC heap after
Heap after GC invocations=16 (full 3):
 PSYoungGen      total 108032K, used 0K [0x00000000e0000000, 0x00000000ea900000, 0x0000000100000000)
  eden space 84992K, 0% used [0x00000000e0000000,0x00000000e0000000,0x00000000e5300000)
  from space 23040K, 0% used [0x00000000e5300000,0x00000000e5300000,0x00000000e6980000)
  to   space 22016K, 0% used [0x00000000e9380000,0x00000000e9380000,0x00000000ea900000)
 ParOldGen       total 168960K, used 35692K [0x00000000a0000000, 0x00000000aa500000, 0x00000000e0000000)
  object space 168960K, 21% used [0x00000000a0000000,0x00000000a22db0d8,0x00000000aa500000)
 Metaspace       used 56769K, capacity 58970K, committed 59160K, reserved 1099776K
  class space    used 7709K, capacity 8272K, committed 8360K, reserved 1048576K
}
Event: 58.269 GC heap before
{Heap before GC invocations=17 (full 3):
 PSYoungGen      total 108032K, used 84992K [0x00000000e0000000, 0x00000000ea900000, 0x0000000100000000)
  eden space 84992K, 100% used [0x00000000e0000000,0x00000000e5300000,0x00000000e5300000)
  from space 23040K, 0% used [0x00000000e5300000,0x00000000e5300000,0x00000000e6980000)
  to   space 22016K, 0% used [0x00000000e9380000,0x00000000e9380000,0x00000000ea900000)
 ParOldGen       total 168960K, used 35692K [0x00000000a0000000, 0x00000000aa500000, 0x00000000e0000000)
  object space 168960K, 21% used [0x00000000a0000000,0x00000000a22db0d8,0x00000000aa500000)
 Metaspace       used 61088K, capacity 63328K, committed 63400K, reserved 1103872K
  class space    used 8366K, capacity 8860K, committed 8872K, reserved 1048576K
Event: 58.284 GC heap after
Heap after GC invocations=17 (full 3):
 PSYoungGen      total 131584K, used 6753K [0x00000000e0000000, 0x00000000e9f80000, 0x0000000100000000)
  eden space 119296K, 0% used [0x00000000e0000000,0x00000000e0000000,0x00000000e7480000)
  from space 12288K, 54% used [0x00000000e9380000,0x00000000e9a18470,0x00000000e9f80000)
  to   space 22016K, 0% used [0x00000000e7480000,0x00000000e7480000,0x00000000e8a00000)
 ParOldGen       total 168960K, used 35700K [0x00000000a0000000, 0x00000000aa500000, 0x00000000e0000000)
  object space 168960K, 21% used [0x00000000a0000000,0x00000000a22dd0d8,0x00000000aa500000)
 Metaspace       used 61088K, capacity 63328K, committed 63400K, reserved 1103872K
  class space    used 8366K, capacity 8860K, committed 8872K, reserved 1048576K
}

