# JRE version: OpenJDK Runtime Environment (8.0_242-b01) (build 1.8.0_242-release-1644-b01)
# Java VM: OpenJDK 64-Bit Server VM (25.242-b01 mixed mode windows-amd64 compressed oops)
Heap:
 PSYoungGen      total 125440K, used 32406K [0x00000000e0000000, 0x00000000e8680000, 0x0000000100000000)
  eden space 113664K, 18% used [0x00000000e0000000,0x00000000e1426840,0x00000000e6f00000)
  from space 11776K, 99% used [0x00000000e6f00000,0x00000000e7a7f310,0x00000000e7a80000)
  to   space 12288K, 0% used [0x00000000e7a80000,0x00000000e7a80000,0x00000000e8680000)
 ParOldGen       total 128000K, used 28173K [0x00000000a0000000, 0x00000000a7d00000, 0x00000000e0000000)
  object space 128000K, 22% used [0x00000000a0000000,0x00000000a1b835b8,0x00000000a7d00000)
 Metaspace       used 52319K, capacity 54158K, committed 54312K, reserved 1095680K
  class space    used 6997K, capacity 7447K, committed 7472K, reserved 1048576K
GC Heap History (10 events):
Event: 10.421 GC heap before
{Heap before GC invocations=7 (full 1):
 PSYoungGen      total 75776K, used 73078K [0x00000000e0000000, 0x00000000e8680000, 0x0000000100000000)
  eden space 65024K, 100% used [0x00000000e0000000,0x00000000e3f80000,0x00000000e3f80000)
  from space 10752K, 74% used [0x00000000e3f80000,0x00000000e475da98,0x00000000e4a00000)
  to   space 12288K, 0% used [0x00000000e7a80000,0x00000000e7a80000,0x00000000e8680000)
 ParOldGen       total 88576K, used 7381K [0x00000000a0000000, 0x00000000a5680000, 0x00000000e0000000)
  object space 88576K, 8% used [0x00000000a0000000,0x00000000a07354c8,0x00000000a5680000)
 Metaspace       used 32119K, capacity 32912K, committed 33072K, reserved 1077248K
  class space    used 4368K, capacity 4606K, committed 4656K, reserved 1048576K
Event: 10.462 GC heap after
Heap after GC invocations=7 (full 1):
 PSYoungGen      total 125952K, used 8780K [0x00000000e0000000, 0x00000000e8680000, 0x0000000100000000)
  eden space 113664K, 0% used [0x00000000e0000000,0x00000000e0000000,0x00000000e6f00000)
  from space 12288K, 71% used [0x00000000e7a80000,0x00000000e8313380,0x00000000e8680000)
  to   space 11776K, 0% used [0x00000000e6f00000,0x00000000e6f00000,0x00000000e7a80000)
 ParOldGen       total 88576K, used 7389K [0x00000000a0000000, 0x00000000a5680000, 0x00000000e0000000)
  object space 88576K, 8% used [0x00000000a0000000,0x00000000a07374c8,0x00000000a5680000)
 Metaspace       used 32119K, capacity 32912K, committed 33072K, reserved 1077248K
  class space    used 4368K, capacity 4606K, committed 4656K, reserved 1048576K
}
Event: 11.647 GC heap before
{Heap before GC invocations=8 (full 1):
 PSYoungGen      total 125952K, used 62989K [0x00000000e0000000, 0x00000000e8680000, 0x0000000100000000)
  eden space 113664K, 47% used [0x00000000e0000000,0x00000000e34f0328,0x00000000e6f00000)
  from space 12288K, 71% used [0x00000000e7a80000,0x00000000e8313380,0x00000000e8680000)
  to   space 11776K, 0% used [0x00000000e6f00000,0x00000000e6f00000,0x00000000e7a80000)
 ParOldGen       total 88576K, used 7389K [0x00000000a0000000, 0x00000000a5680000, 0x00000000e0000000)
  object space 88576K, 8% used [0x00000000a0000000,0x00000000a07374c8,0x00000000a5680000)
 Metaspace       used 34519K, capacity 35374K, committed 35496K, reserved 1079296K
  class space    used 4722K, capacity 4966K, committed 5040K, reserved 1048576K
Event: 11.700 GC heap after
Heap after GC invocations=8 (full 1):
 PSYoungGen      total 125440K, used 9381K [0x00000000e0000000, 0x00000000e8680000, 0x0000000100000000)
  eden space 113664K, 0% used [0x00000000e0000000,0x00000000e0000000,0x00000000e6f00000)
  from space 11776K, 79% used [0x00000000e6f00000,0x00000000e7829588,0x00000000e7a80000)
  to   space 12288K, 0% used [0x00000000e7a80000,0x00000000e7a80000,0x00000000e8680000)
 ParOldGen       total 88576K, used 7397K [0x00000000a0000000, 0x00000000a5680000, 0x00000000e0000000)
  object space 88576K, 8% used [0x00000000a0000000,0x00000000a07394c8,0x00000000a5680000)
 Metaspace       used 34519K, capacity 35374K, committed 35496K, reserved 1079296K
  class space    used 4722K, capacity 4966K, committed 5040K, reserved 1048576K
}
Event: 11.700 GC heap before
{Heap before GC invocations=9 (full 2):
 PSYoungGen      total 125440K, used 9381K [0x00000000e0000000, 0x00000000e8680000, 0x0000000100000000)
  eden space 113664K, 0% used [0x00000000e0000000,0x00000000e0000000,0x00000000e6f00000)
  from space 11776K, 79% used [0x00000000e6f00000,0x00000000e7829588,0x00000000e7a80000)
  to   space 12288K, 0% used [0x00000000e7a80000,0x00000000e7a80000,0x00000000e8680000)
 ParOldGen       total 88576K, used 7397K [0x00000000a0000000, 0x00000000a5680000, 0x00000000e0000000)
  object space 88576K, 8% used [0x00000000a0000000,0x00000000a07394c8,0x00000000a5680000)
 Metaspace       used 34519K, capacity 35374K, committed 35496K, reserved 1079296K
  class space    used 4722K, capacity 4966K, committed 5040K, reserved 1048576K
Event: 11.809 GC heap after
Heap after GC invocations=9 (full 2):
 PSYoungGen      total 125440K, used 0K [0x00000000e0000000, 0x00000000e8680000, 0x0000000100000000)
  eden space 113664K, 0% used [0x00000000e0000000,0x00000000e0000000,0x00000000e6f00000)
  from space 11776K, 0% used [0x00000000e6f00000,0x00000000e6f00000,0x00000000e7a80000)
  to   space 12288K, 0% used [0x00000000e7a80000,0x00000000e7a80000,0x00000000e8680000)
 ParOldGen       total 128000K, used 16142K [0x00000000a0000000, 0x00000000a7d00000, 0x00000000e0000000)
  object space 128000K, 12% used [0x00000000a0000000,0x00000000a0fc3a78,0x00000000a7d00000)
 Metaspace       used 34519K, capacity 35374K, committed 35496K, reserved 1079296K
  class space    used 4722K, capacity 4966K, committed 5040K, reserved 1048576K
}
Event: 14.351 GC heap before
{Heap before GC invocations=10 (full 2):
 PSYoungGen      total 125440K, used 113664K [0x00000000e0000000, 0x00000000e8680000, 0x0000000100000000)
  eden space 113664K, 100% used [0x00000000e0000000,0x00000000e6f00000,0x00000000e6f00000)
  from space 11776K, 0% used [0x00000000e6f00000,0x00000000e6f00000,0x00000000e7a80000)
  to   space 12288K, 0% used [0x00000000e7a80000,0x00000000e7a80000,0x00000000e8680000)
 ParOldGen       total 128000K, used 16142K [0x00000000a0000000, 0x00000000a7d00000, 0x00000000e0000000)
  object space 128000K, 12% used [0x00000000a0000000,0x00000000a0fc3a78,0x00000000a7d00000)
 Metaspace       used 43198K, capacity 44712K, committed 44968K, reserved 1087488K
  class space    used 5840K, capacity 6220K, committed 6320K, reserved 1048576K
Event: 14.382 GC heap after
Heap after GC invocations=10 (full 2):
 PSYoungGen      total 125952K, used 12287K [0x00000000e0000000, 0x00000000e8680000, 0x0000000100000000)
  eden space 113664K, 0% used [0x00000000e0000000,0x00000000e0000000,0x00000000e6f00000)
  from space 12288K, 99% used [0x00000000e7a80000,0x00000000e867fd90,0x00000000e8680000)
  to   space 11776K, 0% used [0x00000000e6f00000,0x00000000e6f00000,0x00000000e7a80000)
 ParOldGen       total 128000K, used 18466K [0x00000000a0000000, 0x00000000a7d00000, 0x00000000e0000000)
  object space 128000K, 14% used [0x00000000a0000000,0x00000000a1208900,0x00000000a7d00000)
 Metaspace       used 43198K, capacity 44712K, committed 44968K, reserved 1087488K
  class space    used 5840K, capacity 6220K, committed 6320K, reserved 1048576K
}
Event: 16.922 GC heap before
{Heap before GC invocations=11 (full 2):
 PSYoungGen      total 125952K, used 125951K [0x00000000e0000000, 0x00000000e8680000, 0x0000000100000000)
  eden space 113664K, 100% used [0x00000000e0000000,0x00000000e6f00000,0x00000000e6f00000)
  from space 12288K, 99% used [0x00000000e7a80000,0x00000000e867fd90,0x00000000e8680000)
  to   space 11776K, 0% used [0x00000000e6f00000,0x00000000e6f00000,0x00000000e7a80000)
 ParOldGen       total 128000K, used 18466K [0x00000000a0000000, 0x00000000a7d00000, 0x00000000e0000000)
  object space 128000K, 14% used [0x00000000a0000000,0x00000000a1208900,0x00000000a7d00000)
 Metaspace       used 50970K, capacity 52668K, committed 52904K, reserved 1095680K
  class space    used 6801K, capacity 7220K, committed 7344K, reserved 1048576K
Event: 16.982 GC heap after
Heap after GC invocations=11 (full 2):
 PSYoungGen      total 125440K, used 11772K [0x00000000e0000000, 0x00000000e8680000, 0x0000000100000000)
  eden space 113664K, 0% used [0x00000000e0000000,0x00000000e0000000,0x00000000e6f00000)
  from space 11776K, 99% used [0x00000000e6f00000,0x00000000e7a7f310,0x00000000e7a80000)
  to   space 12288K, 0% used [0x00000000e7a80000,0x00000000e7a80000,0x00000000e8680000)
 ParOldGen       total 128000K, used 28173K [0x00000000a0000000, 0x00000000a7d00000, 0x00000000e0000000)
  object space 128000K, 22% used [0x00000000a0000000,0x00000000a1b835b8,0x00000000a7d00000)
 Metaspace       used 50970K, capacity 52668K, committed 52904K, reserved 1095680K
  class space    used 6801K, capacity 7220K, committed 7344K, reserved 1048576K
}

