# JRE version: OpenJDK Runtime Environment (8.0_242-b01) (build 1.8.0_242-release-1644-b01)
# Java VM: OpenJDK 64-Bit Server VM (25.242-b01 mixed mode windows-amd64 compressed oops)
Heap:
 PSYoungGen      total 122880K, used 79842K [0x00000000e0000000, 0x00000000e8380000, 0x0000000100000000)
  eden space 111104K, 61% used [0x00000000e0000000,0x00000000e427f8a0,0x00000000e6c80000)
  from space 11776K, 99% used [0x00000000e6c80000,0x00000000e77f9310,0x00000000e7800000)
  to   space 10752K, 0% used [0x00000000e7900000,0x00000000e7900000,0x00000000e8380000)
 ParOldGen       total 89600K, used 29457K [0x00000000a0000000, 0x00000000a5780000, 0x00000000e0000000)
  object space 89600K, 32% used [0x00000000a0000000,0x00000000a1cc4578,0x00000000a5780000)
 Metaspace       used 55375K, capacity 57314K, committed 57472K, reserved 1099776K
  class space    used 7517K, capacity 7979K, committed 8064K, reserved 1048576K
GC Heap History (10 events):
Event: 9.226 GC heap before
{Heap before GC invocations=7 (full 1):
 PSYoungGen      total 75776K, used 72911K [0x00000000e0000000, 0x00000000e8500000, 0x0000000100000000)
  eden space 65024K, 100% used [0x00000000e0000000,0x00000000e3f80000,0x00000000e3f80000)
  from space 10752K, 73% used [0x00000000e3f80000,0x00000000e4733de0,0x00000000e4a00000)
  to   space 12288K, 0% used [0x00000000e7900000,0x00000000e7900000,0x00000000e8500000)
 ParOldGen       total 89600K, used 7247K [0x00000000a0000000, 0x00000000a5780000, 0x00000000e0000000)
  object space 89600K, 8% used [0x00000000a0000000,0x00000000a0713dd8,0x00000000a5780000)
 Metaspace       used 32136K, capacity 32838K, committed 33024K, reserved 1077248K
  class space    used 4374K, capacity 4580K, committed 4608K, reserved 1048576K
Event: 9.250 GC heap after
Heap after GC invocations=7 (full 1):
 PSYoungGen      total 121856K, used 9129K [0x00000000e0000000, 0x00000000e8380000, 0x0000000100000000)
  eden space 111104K, 0% used [0x00000000e0000000,0x00000000e0000000,0x00000000e6c80000)
  from space 10752K, 84% used [0x00000000e7900000,0x00000000e81ea790,0x00000000e8380000)
  to   space 11776K, 0% used [0x00000000e6c80000,0x00000000e6c80000,0x00000000e7800000)
 ParOldGen       total 89600K, used 7255K [0x00000000a0000000, 0x00000000a5780000, 0x00000000e0000000)
  object space 89600K, 8% used [0x00000000a0000000,0x00000000a0715dd8,0x00000000a5780000)
 Metaspace       used 32136K, capacity 32838K, committed 33024K, reserved 1077248K
  class space    used 4374K, capacity 4580K, committed 4608K, reserved 1048576K
}
Event: 10.048 GC heap before
{Heap before GC invocations=8 (full 1):
 PSYoungGen      total 121856K, used 61729K [0x00000000e0000000, 0x00000000e8380000, 0x0000000100000000)
  eden space 111104K, 47% used [0x00000000e0000000,0x00000000e335df98,0x00000000e6c80000)
  from space 10752K, 84% used [0x00000000e7900000,0x00000000e81ea790,0x00000000e8380000)
  to   space 11776K, 0% used [0x00000000e6c80000,0x00000000e6c80000,0x00000000e7800000)
 ParOldGen       total 89600K, used 7255K [0x00000000a0000000, 0x00000000a5780000, 0x00000000e0000000)
  object space 89600K, 8% used [0x00000000a0000000,0x00000000a0715dd8,0x00000000a5780000)
 Metaspace       used 34482K, capacity 35296K, committed 35416K, reserved 1079296K
  class space    used 4704K, capacity 4911K, committed 4992K, reserved 1048576K
Event: 10.069 GC heap after
Heap after GC invocations=8 (full 1):
 PSYoungGen      total 122880K, used 9819K [0x00000000e0000000, 0x00000000e8380000, 0x0000000100000000)
  eden space 111104K, 0% used [0x00000000e0000000,0x00000000e0000000,0x00000000e6c80000)
  from space 11776K, 83% used [0x00000000e6c80000,0x00000000e7616db8,0x00000000e7800000)
  to   space 10752K, 0% used [0x00000000e7900000,0x00000000e7900000,0x00000000e8380000)
 ParOldGen       total 89600K, used 7263K [0x00000000a0000000, 0x00000000a5780000, 0x00000000e0000000)
  object space 89600K, 8% used [0x00000000a0000000,0x00000000a0717dd8,0x00000000a5780000)
 Metaspace       used 34482K, capacity 35296K, committed 35416K, reserved 1079296K
  class space    used 4704K, capacity 4911K, committed 4992K, reserved 1048576K
}
Event: 10.070 GC heap before
{Heap before GC invocations=9 (full 2):
 PSYoungGen      total 122880K, used 9819K [0x00000000e0000000, 0x00000000e8380000, 0x0000000100000000)
  eden space 111104K, 0% used [0x00000000e0000000,0x00000000e0000000,0x00000000e6c80000)
  from space 11776K, 83% used [0x00000000e6c80000,0x00000000e7616db8,0x00000000e7800000)
  to   space 10752K, 0% used [0x00000000e7900000,0x00000000e7900000,0x00000000e8380000)
 ParOldGen       total 89600K, used 7263K [0x00000000a0000000, 0x00000000a5780000, 0x00000000e0000000)
  object space 89600K, 8% used [0x00000000a0000000,0x00000000a0717dd8,0x00000000a5780000)
 Metaspace       used 34482K, capacity 35296K, committed 35416K, reserved 1079296K
  class space    used 4704K, capacity 4911K, committed 4992K, reserved 1048576K
Event: 10.168 GC heap after
Heap after GC invocations=9 (full 2):
 PSYoungGen      total 122880K, used 0K [0x00000000e0000000, 0x00000000e8380000, 0x0000000100000000)
  eden space 111104K, 0% used [0x00000000e0000000,0x00000000e0000000,0x00000000e6c80000)
  from space 11776K, 0% used [0x00000000e6c80000,0x00000000e6c80000,0x00000000e7800000)
  to   space 10752K, 0% used [0x00000000e7900000,0x00000000e7900000,0x00000000e8380000)
 ParOldGen       total 89600K, used 16243K [0x00000000a0000000, 0x00000000a5780000, 0x00000000e0000000)
  object space 89600K, 18% used [0x00000000a0000000,0x00000000a0fdccf8,0x00000000a5780000)
 Metaspace       used 34482K, capacity 35296K, committed 35416K, reserved 1079296K
  class space    used 4704K, capacity 4911K, committed 4992K, reserved 1048576K
}
Event: 12.761 GC heap before
{Heap before GC invocations=10 (full 2):
 PSYoungGen      total 122880K, used 111104K [0x00000000e0000000, 0x00000000e8380000, 0x0000000100000000)
  eden space 111104K, 100% used [0x00000000e0000000,0x00000000e6c80000,0x00000000e6c80000)
  from space 11776K, 0% used [0x00000000e6c80000,0x00000000e6c80000,0x00000000e7800000)
  to   space 10752K, 0% used [0x00000000e7900000,0x00000000e7900000,0x00000000e8380000)
 ParOldGen       total 89600K, used 16243K [0x00000000a0000000, 0x00000000a5780000, 0x00000000e0000000)
  object space 89600K, 18% used [0x00000000a0000000,0x00000000a0fdccf8,0x00000000a5780000)
 Metaspace       used 43242K, capacity 44702K, committed 44928K, reserved 1087488K
  class space    used 5854K, capacity 6193K, committed 6272K, reserved 1048576K
Event: 12.779 GC heap after
Heap after GC invocations=10 (full 2):
 PSYoungGen      total 121856K, used 10720K [0x00000000e0000000, 0x00000000e8380000, 0x0000000100000000)
  eden space 111104K, 0% used [0x00000000e0000000,0x00000000e0000000,0x00000000e6c80000)
  from space 10752K, 99% used [0x00000000e7900000,0x00000000e8378148,0x00000000e8380000)
  to   space 11776K, 0% used [0x00000000e6c80000,0x00000000e6c80000,0x00000000e7800000)
 ParOldGen       total 89600K, used 20100K [0x00000000a0000000, 0x00000000a5780000, 0x00000000e0000000)
  object space 89600K, 22% used [0x00000000a0000000,0x00000000a13a1098,0x00000000a5780000)
 Metaspace       used 43242K, capacity 44702K, committed 44928K, reserved 1087488K
  class space    used 5854K, capacity 6193K, committed 6272K, reserved 1048576K
}
Event: 14.746 GC heap before
{Heap before GC invocations=11 (full 2):
 PSYoungGen      total 121856K, used 121824K [0x00000000e0000000, 0x00000000e8380000, 0x0000000100000000)
  eden space 111104K, 100% used [0x00000000e0000000,0x00000000e6c80000,0x00000000e6c80000)
  from space 10752K, 99% used [0x00000000e7900000,0x00000000e8378148,0x00000000e8380000)
  to   space 11776K, 0% used [0x00000000e6c80000,0x00000000e6c80000,0x00000000e7800000)
 ParOldGen       total 89600K, used 20100K [0x00000000a0000000, 0x00000000a5780000, 0x00000000e0000000)
  object space 89600K, 22% used [0x00000000a0000000,0x00000000a13a1098,0x00000000a5780000)
 Metaspace       used 50689K, capacity 52278K, committed 52480K, reserved 1095680K
  class space    used 6763K, capacity 7156K, committed 7168K, reserved 1048576K
Event: 14.773 GC heap after
Heap after GC invocations=11 (full 2):
 PSYoungGen      total 122880K, used 11748K [0x00000000e0000000, 0x00000000e8380000, 0x0000000100000000)
  eden space 111104K, 0% used [0x00000000e0000000,0x00000000e0000000,0x00000000e6c80000)
  from space 11776K, 99% used [0x00000000e6c80000,0x00000000e77f9310,0x00000000e7800000)
  to   space 10752K, 0% used [0x00000000e7900000,0x00000000e7900000,0x00000000e8380000)
 ParOldGen       total 89600K, used 29457K [0x00000000a0000000, 0x00000000a5780000, 0x00000000e0000000)
  object space 89600K, 32% used [0x00000000a0000000,0x00000000a1cc4578,0x00000000a5780000)
 Metaspace       used 50689K, capacity 52278K, committed 52480K, reserved 1095680K
  class space    used 6763K, capacity 7156K, committed 7168K, reserved 1048576K
}

